This is e-upTeX, Version 3.14159265-p3.8.1-u1.23-180226-2.6 (utf8.uptex) (TeX Live 2018) (preloaded format=uplatex 2018.9.29)  21 DEC 2018 13:57
entering extended mode
 restricted \write18 enabled.
 file:line:error style messages enabled.
 %&-line parsing enabled.
**sec3.tex
(./sec3.tex
pLaTeX2e <2018-07-28u02>+1 (based on LaTeX2e <2018-04-01> patch level 5)
./sec3.tex:1: Undefined control sequence.
l.1 \section
            {Analysis of the reality of ``Cryptocurrency Exchanges''}
The control sequence at the end of the top line
of your error message was never \def'ed. If you have
misspelled it (e.g., `\hobx'), type `I' and the correct
spelling (e.g., `I\hbox'). Otherwise just continue,
and I'll forget about whatever was undefined.


./sec3.tex:1: LaTeX Error: Missing \begin{document}.

See the LaTeX manual or LaTeX Companion for explanation.
Type  H <return>  for immediate help.
 ...                                              
                                                  
l.1 \section{A
              nalysis of the reality of ``Cryptocurrency Exchanges''}
You're in trouble here.  Try typing  <return>  to proceed.
If that doesn't work, type  X <return>  to quit.


Overfull \hbox (56.77786pt too wide) in paragraph at lines 1--5
[]\OT1/cmr/m/n/10 Analysis
 []


Overfull \hbox (8.05559pt too wide) in paragraph at lines 1--5
\OT1/cmr/m/n/10 of
 []


Overfull \hbox (13.88892pt too wide) in paragraph at lines 1--5
\OT1/cmr/m/n/10 the
 []


Overfull \hbox (11.69444pt too wide) in paragraph at lines 1--5
\OT1/cmr/m/n/10 re-
 []


Overfull \hbox (11.11113pt too wide) in paragraph at lines 1--5
\OT1/cmr/m/n/10 al-
 []


Overfull \hbox (11.6667pt too wide) in paragraph at lines 1--5
\OT1/cmr/m/n/10 ity
 []


Overfull \hbox (8.05559pt too wide) in paragraph at lines 1--5
\OT1/cmr/m/n/10 of
 []


Overfull \hbox (30.30562pt too wide) in paragraph at lines 1--5
\OT1/cmr/m/n/10 ``Cryp-
 []


Overfull \hbox (26.41672pt too wide) in paragraph at lines 1--5
\OT1/cmr/m/n/10 tocur-
 []


Overfull \hbox (23.63893pt too wide) in paragraph at lines 1--5
\OT1/cmr/m/n/10 rency
 []


Overfull \hbox (15.4167pt too wide) in paragraph at lines 1--5
\OT1/cmr/m/n/10 Ex-
 []


Overfull \hbox (38.66673pt too wide) in paragraph at lines 1--5
\OT1/cmr/m/n/10 changes'' 
 []

./sec3.tex:6: Undefined control sequence.
l.6 \subsection
               {Trends of the shortage of governance and security management}
The control sequence at the end of the top line
of your error message was never \def'ed. If you have
misspelled it (e.g., `\hobx'), type `I' and the correct
spelling (e.g., `I\hbox'). Otherwise just continue,
and I'll forget about whatever was undefined.


./sec3.tex:6: LaTeX Error: Missing \begin{document}.

See the LaTeX manual or LaTeX Companion for explanation.
Type  H <return>  for immediate help.
 ...                                              
                                                  
l.6 \subsection{T
                 rends of the shortage of governance and security management}
You're in trouble here.  Try typing  <return>  to proceed.
If that doesn't work, type  X <return>  to quit.


Overfull \hbox (49.80559pt too wide) in paragraph at lines 6--47
[]\OT1/cmr/m/n/10 Trends
 []


Overfull \hbox (8.05559pt too wide) in paragraph at lines 6--47
\OT1/cmr/m/n/10 of
 []


Overfull \hbox (13.88892pt too wide) in paragraph at lines 6--47
\OT1/cmr/m/n/10 the
 []


Overfull \hbox (25.63893pt too wide) in paragraph at lines 6--47
\OT1/cmr/m/n/10 short-
 []


Overfull \hbox (14.44447pt too wide) in paragraph at lines 6--47
\OT1/cmr/m/n/10 age
 []


Overfull \hbox (8.05559pt too wide) in paragraph at lines 6--47
\OT1/cmr/m/n/10 of
 []


Overfull \hbox (18.33337pt too wide) in paragraph at lines 6--47
\OT1/cmr/m/n/10 gov-
 []


Overfull \hbox (11.69444pt too wide) in paragraph at lines 6--47
\OT1/cmr/m/n/10 er-
 []


Overfull \hbox (25.00005pt too wide) in paragraph at lines 6--47
\OT1/cmr/m/n/10 nance
 []


Overfull \hbox (16.11116pt too wide) in paragraph at lines 6--47
\OT1/cmr/m/n/10 and
 []


Overfull \hbox (11.72221pt too wide) in paragraph at lines 6--47
\OT1/cmr/m/n/10 se-
 []


Overfull \hbox (13.33334pt too wide) in paragraph at lines 6--47
\OT1/cmr/m/n/10 cu-
 []


Overfull \hbox (15.58337pt too wide) in paragraph at lines 6--47
\OT1/cmr/m/n/10 rity
 []


Overfull \hbox (22.22227pt too wide) in paragraph at lines 6--47
\OT1/cmr/m/n/10 man-
 []


Overfull \hbox (17.7778pt too wide) in paragraph at lines 6--47
\OT1/cmr/m/n/10 age-
 []


Overfull \hbox (21.94449pt too wide) in paragraph at lines 6--47
\OT1/cmr/m/n/10 ment
 []


Overfull \hbox (13.88892pt too wide) in paragraph at lines 6--47
\OT1/cmr/m/n/10 Af-
 []


Overfull \hbox (12.25002pt too wide) in paragraph at lines 6--47
\OT1/cmr/m/n/10 ter
 []


Overfull \hbox (13.88892pt too wide) in paragraph at lines 6--47
\OT1/cmr/m/n/10 the
 []


Overfull \hbox (15.55557pt too wide) in paragraph at lines 6--47
\OT1/cmr/m/n/10 Co-
 []


Overfull \hbox (35.00006pt too wide) in paragraph at lines 6--47
\OT1/cmr/m/n/10 inCheck
 []


Overfull \hbox (11.66669pt too wide) in paragraph at lines 6--47
\OT1/cmr/m/n/10 in-
 []


Overfull \hbox (10.55556pt too wide) in paragraph at lines 6--47
\OT1/cmr/m/n/10 ci-
 []


Overfull \hbox (21.94449pt too wide) in paragraph at lines 6--47
\OT1/cmr/m/n/10 dent,
 []


Overfull \hbox (24.72229pt too wide) in paragraph at lines 6--47
\OT1/cmr/m/n/10 JFSA
 []


Overfull \hbox (10.05556pt too wide) in paragraph at lines 6--47
\OT1/cmr/m/n/10 is-
 []


Overfull \hbox (17.8889pt too wide) in paragraph at lines 6--47
\OT1/cmr/m/n/10 sues
 []


Overfull \hbox (10.00003pt too wide) in paragraph at lines 6--47
\OT1/cmr/m/n/10 20
 []


Overfull \hbox (13.88892pt too wide) in paragraph at lines 6--47
\OT1/cmr/m/n/10 ad-
 []


Overfull \hbox (20.00005pt too wide) in paragraph at lines 6--47
\OT1/cmr/m/n/10 min-
 []


Overfull \hbox (10.05556pt too wide) in paragraph at lines 6--47
\OT1/cmr/m/n/10 is-
 []


Overfull \hbox (16.13892pt too wide) in paragraph at lines 6--47
\OT1/cmr/m/n/10 tra-
 []


Overfull \hbox (16.11115pt too wide) in paragraph at lines 6--47
\OT1/cmr/m/n/10 tive
 []


Overfull \hbox (26.9445pt too wide) in paragraph at lines 6--47
\OT1/cmr/m/n/10 penal-
 []


Overfull \hbox (15.05557pt too wide) in paragraph at lines 6--47
\OT1/cmr/m/n/10 ties
 []


Overfull \hbox (8.88892pt too wide) in paragraph at lines 6--47
\OT1/cmr/m/n/10 to
 []


Overfull \hbox (10.00003pt too wide) in paragraph at lines 6--47
\OT1/cmr/m/n/10 17
 []


Overfull \hbox (22.52782pt too wide) in paragraph at lines 6--47
\OT1/cmr/m/n/10 cryp-
 []


Overfull \hbox (26.41672pt too wide) in paragraph at lines 6--47
\OT1/cmr/m/n/10 tocur-
 []


Overfull \hbox (23.63893pt too wide) in paragraph at lines 6--47
\OT1/cmr/m/n/10 rency
 []


Overfull \hbox (13.05557pt too wide) in paragraph at lines 6--47
\OT1/cmr/m/n/10 ex-
 []


Overfull \hbox (36.4445pt too wide) in paragraph at lines 6--47
\OT1/cmr/m/n/10 changes.
 []


Overfull \hbox (21.52782pt too wide) in paragraph at lines 6--47
\OT1/cmr/m/n/10 Each
 []


Overfull \hbox (11.69444pt too wide) in paragraph at lines 6--47
\OT1/cmr/m/n/10 re-
 []


Overfull \hbox (20.61113pt too wide) in paragraph at lines 6--47
\OT1/cmr/m/n/10 lease
 []


Overfull \hbox (11.97226pt too wide) in paragraph at lines 6--47
\OT1/cmr/m/n/10 for
 []


Overfull \hbox (13.88892pt too wide) in paragraph at lines 6--47
\OT1/cmr/m/n/10 the
 []


Overfull \hbox (13.88892pt too wide) in paragraph at lines 6--47
\OT1/cmr/m/n/10 ad-
 []


Overfull \hbox (20.00005pt too wide) in paragraph at lines 6--47
\OT1/cmr/m/n/10 min-
 []


Overfull \hbox (10.05556pt too wide) in paragraph at lines 6--47
\OT1/cmr/m/n/10 is-
 []


Overfull \hbox (16.13892pt too wide) in paragraph at lines 6--47
\OT1/cmr/m/n/10 tra-
 []


Overfull \hbox (16.11115pt too wide) in paragraph at lines 6--47
\OT1/cmr/m/n/10 tive
 []


Overfull \hbox (32.50009pt too wide) in paragraph at lines 6--47
\OT1/cmr/m/n/10 penalty
 []


Overfull \hbox (13.05557pt too wide) in paragraph at lines 6--47
\OT1/cmr/m/n/10 ex-
 []


Overfull \hbox (25.61118pt too wide) in paragraph at lines 6--47
\OT1/cmr/m/n/10 plains
 []


Overfull \hbox (23.36116pt too wide) in paragraph at lines 6--47
\OT1/cmr/m/n/10 prob-
 []


Overfull \hbox (19.50003pt too wide) in paragraph at lines 6--47
\OT1/cmr/m/n/10 lems
 []


Overfull \hbox (8.88892pt too wide) in paragraph at lines 6--47
\OT1/cmr/m/n/10 to
 []


Overfull \hbox (10.2778pt too wide) in paragraph at lines 6--47
\OT1/cmr/m/n/10 be
 []


Overfull \hbox (23.61118pt too wide) in paragraph at lines 6--47
\OT1/cmr/m/n/10 fixed.
 []


Overfull \hbox (25.58336pt too wide) in paragraph at lines 6--47
\OT1/cmr/m/n/10 There
 []


Overfull \hbox (13.36113pt too wide) in paragraph at lines 6--47
\OT1/cmr/m/n/10 are
 []


Overfull \hbox (10.00003pt too wide) in paragraph at lines 6--47
\OT1/cmr/m/n/10 22
 []


Overfull \hbox (23.11118pt too wide) in paragraph at lines 6--47
\OT1/cmr/m/n/10 kinds
 []


Overfull \hbox (8.05559pt too wide) in paragraph at lines 6--47
\OT1/cmr/m/n/10 of
 []


Overfull \hbox (23.36116pt too wide) in paragraph at lines 6--47
\OT1/cmr/m/n/10 prob-
 []


Overfull \hbox (19.50003pt too wide) in paragraph at lines 6--47
\OT1/cmr/m/n/10 lems
 []


Overfull \hbox (13.36113pt too wide) in paragraph at lines 6--47
\OT1/cmr/m/n/10 are
 []


Overfull \hbox (13.05557pt too wide) in paragraph at lines 6--47
\OT1/cmr/m/n/10 ex-
 []


Overfull \hbox (34.44453pt too wide) in paragraph at lines 6--47
\OT1/cmr/m/n/10 plained.
 []


Overfull \hbox (25.58336pt too wide) in paragraph at lines 6--47
\OT1/cmr/m/n/10 There
 []


Overfull \hbox (13.36113pt too wide) in paragraph at lines 6--47
\OT1/cmr/m/n/10 are
 []


Overfull \hbox (5.00002pt too wide) in paragraph at lines 6--47
\OT1/cmr/m/n/10 6
 []


Overfull \hbox (16.6667pt too wide) in paragraph at lines 6--47
\OT1/cmr/m/n/10 ma-
 []


Overfull \hbox (11.97226pt too wide) in paragraph at lines 6--47
\OT1/cmr/m/n/10 jor
 []


Overfull \hbox (23.36116pt too wide) in paragraph at lines 6--47
\OT1/cmr/m/n/10 prob-
 []


Overfull \hbox (19.50003pt too wide) in paragraph at lines 6--47
\OT1/cmr/m/n/10 lems
 []


Overfull \hbox (16.11116pt too wide) in paragraph at lines 6--47
\OT1/cmr/m/n/10 and
 []


Overfull \hbox (25.27782pt too wide) in paragraph at lines 6--47
\OT1/cmr/m/n/10 which
 []


Overfull \hbox (23.36116pt too wide) in paragraph at lines 6--47
\OT1/cmr/m/n/10 prob-
 []


Overfull \hbox (19.50003pt too wide) in paragraph at lines 6--47
\OT1/cmr/m/n/10 lems
 []


Overfull \hbox (13.36113pt too wide) in paragraph at lines 6--47
\OT1/cmr/m/n/10 are
 []


Overfull \hbox (13.88892pt too wide) in paragraph at lines 6--47
\OT1/cmr/m/n/10 ap-
 []


Overfull \hbox (14.44447pt too wide) in paragraph at lines 6--47
\OT1/cmr/m/n/10 pli-
 []


Overfull \hbox (12.77779pt too wide) in paragraph at lines 6--47
\OT1/cmr/m/n/10 ca-
 []


Overfull \hbox (12.7778pt too wide) in paragraph at lines 6--47
\OT1/cmr/m/n/10 ble
 []


Overfull \hbox (8.88892pt too wide) in paragraph at lines 6--47
\OT1/cmr/m/n/10 to
 []


Overfull \hbox (19.16669pt too wide) in paragraph at lines 6--47
\OT1/cmr/m/n/10 each
 []


Overfull \hbox (22.52782pt too wide) in paragraph at lines 6--47
\OT1/cmr/m/n/10 cryp-
 []


Overfull \hbox (26.41672pt too wide) in paragraph at lines 6--47
\OT1/cmr/m/n/10 tocur-
 []


Overfull \hbox (23.63893pt too wide) in paragraph at lines 6--47
\OT1/cmr/m/n/10 rency
 []


Overfull \hbox (13.05557pt too wide) in paragraph at lines 6--47
\OT1/cmr/m/n/10 ex-
 []


Overfull \hbox (32.50006pt too wide) in paragraph at lines 6--47
\OT1/cmr/m/n/10 change.
 []


Overfull \hbox (22.50005pt too wide) in paragraph at lines 6--47
\OT1/cmr/m/n/10 They
 []


Overfull \hbox (13.36113pt too wide) in paragraph at lines 6--47
\OT1/cmr/m/n/10 are
 []


Overfull \hbox (19.47224pt too wide) in paragraph at lines 6--47
\OT1/cmr/m/n/10 Cor-
 []


Overfull \hbox (14.1667pt too wide) in paragraph at lines 6--47
\OT1/cmr/m/n/10 po-
 []


Overfull \hbox (17.25003pt too wide) in paragraph at lines 6--47
\OT1/cmr/m/n/10 rate
 []


Overfull \hbox (22.22227pt too wide) in paragraph at lines 6--47
\OT1/cmr/m/n/10 man-
 []


Overfull \hbox (17.7778pt too wide) in paragraph at lines 6--47
\OT1/cmr/m/n/10 age-
 []


Overfull \hbox (21.94449pt too wide) in paragraph at lines 6--47
\OT1/cmr/m/n/10 ment
 []


Overfull \hbox (10.05556pt too wide) in paragraph at lines 6--47
\OT1/cmr/m/n/10 is-
 []


Overfull \hbox (16.72224pt too wide) in paragraph at lines 6--47
\OT1/cmr/m/n/10 sue,
 []


Overfull \hbox (16.50002pt too wide) in paragraph at lines 6--47
\OT1/cmr/m/n/10 sys-
 []


Overfull \hbox (16.6667pt too wide) in paragraph at lines 6--47
\OT1/cmr/m/n/10 tem
 []


Overfull \hbox (15.9167pt too wide) in paragraph at lines 6--47
\OT1/cmr/m/n/10 risk
 []


Overfull \hbox (10.05556pt too wide) in paragraph at lines 6--47
\OT1/cmr/m/n/10 is-
 []


Overfull \hbox (16.72224pt too wide) in paragraph at lines 6--47
\OT1/cmr/m/n/10 sue,
 []


Overfull \hbox (20.27782pt too wide) in paragraph at lines 6--47
\OT1/cmr/m/n/10 anti-
 []


Overfull \hbox (28.61119pt too wide) in paragraph at lines 6--47
\OT1/cmr/m/n/10 money
 []


Overfull \hbox (22.22227pt too wide) in paragraph at lines 6--47
\OT1/cmr/m/n/10 laun-
 []


Overfull \hbox (17.25002pt too wide) in paragraph at lines 6--47
\OT1/cmr/m/n/10 der-
 []


Overfull \hbox (16.11116pt too wide) in paragraph at lines 6--47
\OT1/cmr/m/n/10 ing,
 []


Overfull \hbox (16.72223pt too wide) in paragraph at lines 6--47
\OT1/cmr/m/n/10 seg-
 []


Overfull \hbox (11.69444pt too wide) in paragraph at lines 6--47
\OT1/cmr/m/n/10 re-
 []


Overfull \hbox (13.33336pt too wide) in paragraph at lines 6--47
\OT1/cmr/m/n/10 ga-
 []


Overfull \hbox (17.22227pt too wide) in paragraph at lines 6--47
\OT1/cmr/m/n/10 tion
 []


Overfull \hbox (8.05559pt too wide) in paragraph at lines 6--47
\OT1/cmr/m/n/10 of
 []


Overfull \hbox (17.27779pt too wide) in paragraph at lines 6--47
\OT1/cmr/m/n/10 cus-
 []


Overfull \hbox (32.30562pt too wide) in paragraph at lines 6--47
\OT1/cmr/m/n/10 tomers'
 []


Overfull \hbox (12.27779pt too wide) in paragraph at lines 6--47
\OT1/cmr/m/n/10 as-
 []


Overfull \hbox (15.05557pt too wide) in paragraph at lines 6--47
\OT1/cmr/m/n/10 set,
 []


Overfull \hbox (17.27779pt too wide) in paragraph at lines 6--47
\OT1/cmr/m/n/10 cus-
 []


Overfull \hbox (25.58339pt too wide) in paragraph at lines 6--47
\OT1/cmr/m/n/10 tomer
 []


Overfull \hbox (17.80559pt too wide) in paragraph at lines 6--47
\OT1/cmr/m/n/10 pro-
 []


Overfull \hbox (16.11111pt too wide) in paragraph at lines 6--47
\OT1/cmr/m/n/10 tec-
 []


Overfull \hbox (17.22227pt too wide) in paragraph at lines 6--47
\OT1/cmr/m/n/10 tion
 []


Overfull \hbox (16.11116pt too wide) in paragraph at lines 6--47
\OT1/cmr/m/n/10 and
 []


Overfull \hbox (18.33336pt too wide) in paragraph at lines 6--47
\OT1/cmr/m/n/10 con-
 []


Overfull \hbox (15.61113pt too wide) in paragraph at lines 6--47
\OT1/cmr/m/n/10 sid-
 []


Overfull \hbox (11.69444pt too wide) in paragraph at lines 6--47
\OT1/cmr/m/n/10 er-
 []


Overfull \hbox (8.33334pt too wide) in paragraph at lines 6--47
\OT1/cmr/m/n/10 a-
 []


Overfull \hbox (17.22227pt too wide) in paragraph at lines 6--47
\OT1/cmr/m/n/10 tion
 []


Overfull \hbox (8.88892pt too wide) in paragraph at lines 6--47
\OT1/cmr/m/n/10 to
 []


Overfull \hbox (17.77782pt too wide) in paragraph at lines 6--47
\OT1/cmr/m/n/10 deal
 []


Overfull \hbox (19.44449pt too wide) in paragraph at lines 6--47
\OT1/cmr/m/n/10 with
 []


Overfull \hbox (17.22224pt too wide) in paragraph at lines 6--47
\OT1/cmr/m/n/10 new
 []


Overfull \hbox (22.52782pt too wide) in paragraph at lines 6--47
\OT1/cmr/m/n/10 cryp-
 []


Overfull \hbox (26.41672pt too wide) in paragraph at lines 6--47
\OT1/cmr/m/n/10 tocur-
 []


Overfull \hbox (17.25002pt too wide) in paragraph at lines 6--47
\OT1/cmr/m/n/10 ren-
 []


Overfull \hbox (18.3889pt too wide) in paragraph at lines 6--47
\OT1/cmr/m/n/10 cies.
 []


Overfull \hbox (33.88898pt too wide) in paragraph at lines 6--47
\OT1/cmr/m/n/10 Though
 []


Overfull \hbox (16.69446pt too wide) in paragraph at lines 6--47
\OT1/cmr/m/n/10 cor-
 []


Overfull \hbox (14.1667pt too wide) in paragraph at lines 6--47
\OT1/cmr/m/n/10 po-
 []


Overfull \hbox (17.25003pt too wide) in paragraph at lines 6--47
\OT1/cmr/m/n/10 rate
 []


Overfull \hbox (22.22227pt too wide) in paragraph at lines 6--47
\OT1/cmr/m/n/10 man-
 []


Overfull \hbox (17.7778pt too wide) in paragraph at lines 6--47
\OT1/cmr/m/n/10 age-
 []


Overfull \hbox (21.94449pt too wide) in paragraph at lines 6--47
\OT1/cmr/m/n/10 ment
 []


Overfull \hbox (16.11116pt too wide) in paragraph at lines 6--47
\OT1/cmr/m/n/10 and
 []


Overfull \hbox (22.91672pt too wide) in paragraph at lines 6--47
\OT1/cmr/m/n/10 AML
 []


Overfull \hbox (13.36113pt too wide) in paragraph at lines 6--47
\OT1/cmr/m/n/10 are
 []


Overfull \hbox (13.88892pt too wide) in paragraph at lines 6--47
\OT1/cmr/m/n/10 the
 []


Overfull \hbox (21.16672pt too wide) in paragraph at lines 6--47
\OT1/cmr/m/n/10 most
 []


Overfull \hbox (20.58336pt too wide) in paragraph at lines 6--47
\OT1/cmr/m/n/10 crot-
 []


Overfull \hbox (6.11111pt too wide) in paragraph at lines 6--47
\OT1/cmr/m/n/10 i-
 []


Overfull \hbox (12.22224pt too wide) in paragraph at lines 6--47
\OT1/cmr/m/n/10 cal
 []


Overfull \hbox (10.05556pt too wide) in paragraph at lines 6--47
\OT1/cmr/m/n/10 is-
 []


Overfull \hbox (20.66669pt too wide) in paragraph at lines 6--47
\OT1/cmr/m/n/10 sues,
 []


Overfull \hbox (13.88892pt too wide) in paragraph at lines 6--47
\OT1/cmr/m/n/10 the
 []


Overfull \hbox (22.8056pt too wide) in paragraph at lines 6--47
\OT1/cmr/m/n/10 other
 []


Overfull \hbox (26.72229pt too wide) in paragraph at lines 6--47
\OT1/cmr/m/n/10 things
 []


Overfull \hbox (8.88892pt too wide) in paragraph at lines 6--47
\OT1/cmr/m/n/10 to
 []


Overfull \hbox (10.2778pt too wide) in paragraph at lines 6--47
\OT1/cmr/m/n/10 be
 []


Overfull \hbox (24.4445pt too wide) in paragraph at lines 6--47
\OT1/cmr/m/n/10 noted
 []


Overfull \hbox (6.72223pt too wide) in paragraph at lines 6--47
\OT1/cmr/m/n/10 is
 []


Overfull \hbox (13.88892pt too wide) in paragraph at lines 6--47
\OT1/cmr/m/n/10 the
 []


Overfull \hbox (16.72223pt too wide) in paragraph at lines 6--47
\OT1/cmr/m/n/10 seg-
 []


Overfull \hbox (11.69444pt too wide) in paragraph at lines 6--47
\OT1/cmr/m/n/10 re-
 []


Overfull \hbox (13.33336pt too wide) in paragraph at lines 6--47
\OT1/cmr/m/n/10 ga-
 []


Overfull \hbox (17.22227pt too wide) in paragraph at lines 6--47
\OT1/cmr/m/n/10 tion
 []


Overfull \hbox (8.05559pt too wide) in paragraph at lines 6--47
\OT1/cmr/m/n/10 of
 []


Overfull \hbox (17.27779pt too wide) in paragraph at lines 6--47
\OT1/cmr/m/n/10 cus-
 []


Overfull \hbox (32.30562pt too wide) in paragraph at lines 6--47
\OT1/cmr/m/n/10 tomers'
 []


Overfull \hbox (12.27779pt too wide) in paragraph at lines 6--47
\OT1/cmr/m/n/10 as-
 []


Overfull \hbox (15.05557pt too wide) in paragraph at lines 6--47
\OT1/cmr/m/n/10 set. 
 []

LaTeX Font Info:    Font shape `JT2/mc/m/n' will be
(Font)              scaled to size 9.6222pt on input line 47.
LaTeX Font Info:    Font shape `JY2/mc/m/n' will be
(Font)              scaled to size 9.6222pt on input line 47.

./sec3.tex:47: LaTeX Error: The font size command \normalsize is not defined:
               there is probably something wrong with the class file.

See the LaTeX manual or LaTeX Companion for explanation.
Type  H <return>  for immediate help.
 ...                                              
                                                  
l.47 
     
Your command was ignored.
Type  I <command> <return>  to replace it with another command,
or  <return>  to continue without it.

[1]
./sec3.tex:48: Undefined control sequence.
l.48 \subsection
                {Functionalities which real cryptocurrency exchanges have}
The control sequence at the end of the top line
of your error message was never \def'ed. If you have
misspelled it (e.g., `\hobx'), type `I' and the correct
spelling (e.g., `I\hbox'). Otherwise just continue,
and I'll forget about whatever was undefined.


./sec3.tex:48: LaTeX Error: Missing \begin{document}.

See the LaTeX manual or LaTeX Companion for explanation.
Type  H <return>  for immediate help.
 ...                                              
                                                  
l.48 \subsection{F
                  unctionalities which real cryptocurrency exchanges have}
You're in trouble here.  Try typing  <return>  to proceed.
If that doesn't work, type  X <return>  to quit.


Overfull \hbox (84.08348pt too wide) in paragraph at lines 48--49
[]\OT1/cmr/m/n/10 Functionalities
 []


Overfull \hbox (25.27782pt too wide) in paragraph at lines 48--49
\OT1/cmr/m/n/10 which
 []


Overfull \hbox (16.13892pt too wide) in paragraph at lines 48--49
\OT1/cmr/m/n/10 real
 []


Overfull \hbox (22.52782pt too wide) in paragraph at lines 48--49
\OT1/cmr/m/n/10 cryp-
 []


Overfull \hbox (26.41672pt too wide) in paragraph at lines 48--49
\OT1/cmr/m/n/10 tocur-
 []


Overfull \hbox (23.63893pt too wide) in paragraph at lines 48--49
\OT1/cmr/m/n/10 rency
 []


Overfull \hbox (13.05557pt too wide) in paragraph at lines 48--49
\OT1/cmr/m/n/10 ex-
 []


Overfull \hbox (33.66672pt too wide) in paragraph at lines 48--49
\OT1/cmr/m/n/10 changes
 []


Overfull \hbox (19.72226pt too wide) in paragraph at lines 48--49
\OT1/cmr/m/n/10 have 
 []


./sec3.tex:51: LaTeX Error: Missing \begin{document}.

See the LaTeX manual or LaTeX Companion for explanation.
Type  H <return>  for immediate help.
 ...                                              
                                                  
l.51 T
      here are many perception gaps between what user of cryptocurrency exch...
You're in trouble here.  Try typing  <return>  to proceed.
If that doesn't work, type  X <return>  to quit.


Overfull \hbox (45.58336pt too wide) in paragraph at lines 51--71
[]\OT1/cmr/m/n/10 There
 []


Overfull \hbox (13.36113pt too wide) in paragraph at lines 51--71
\OT1/cmr/m/n/10 are
 []


Overfull \hbox (23.88896pt too wide) in paragraph at lines 51--71
\OT1/cmr/m/n/10 many
 []


Overfull \hbox (17.5278pt too wide) in paragraph at lines 51--71
\OT1/cmr/m/n/10 per-
 []


Overfull \hbox (17.77779pt too wide) in paragraph at lines 51--71
\OT1/cmr/m/n/10 cep-
 []


Overfull \hbox (17.22227pt too wide) in paragraph at lines 51--71
\OT1/cmr/m/n/10 tion
 []


Overfull \hbox (19.50005pt too wide) in paragraph at lines 51--71
\OT1/cmr/m/n/10 gaps
 []


Overfull \hbox (13.61113pt too wide) in paragraph at lines 51--71
\OT1/cmr/m/n/10 be-
 []


Overfull \hbox (25.00002pt too wide) in paragraph at lines 51--71
\OT1/cmr/m/n/10 tween
 []


Overfull \hbox (21.66672pt too wide) in paragraph at lines 51--71
\OT1/cmr/m/n/10 what
 []


Overfull \hbox (17.86113pt too wide) in paragraph at lines 51--71
\OT1/cmr/m/n/10 user
 []


Overfull \hbox (8.05559pt too wide) in paragraph at lines 51--71
\OT1/cmr/m/n/10 of
 []


Overfull \hbox (22.52782pt too wide) in paragraph at lines 51--71
\OT1/cmr/m/n/10 cryp-
 []


Overfull \hbox (26.41672pt too wide) in paragraph at lines 51--71
\OT1/cmr/m/n/10 tocur-
 []


Overfull \hbox (23.63893pt too wide) in paragraph at lines 51--71
\OT1/cmr/m/n/10 rency
 []


Overfull \hbox (13.05557pt too wide) in paragraph at lines 51--71
\OT1/cmr/m/n/10 ex-
 []


Overfull \hbox (29.72227pt too wide) in paragraph at lines 51--71
\OT1/cmr/m/n/10 change
 []


Overfull \hbox (23.05563pt too wide) in paragraph at lines 51--71
\OT1/cmr/m/n/10 think
 []


Overfull \hbox (16.11116pt too wide) in paragraph at lines 51--71
\OT1/cmr/m/n/10 and
 []


Overfull \hbox (16.13892pt too wide) in paragraph at lines 51--71
\OT1/cmr/m/n/10 real
 []


Overfull \hbox (22.52782pt too wide) in paragraph at lines 51--71
\OT1/cmr/m/n/10 cryp-
 []


Overfull \hbox (26.41672pt too wide) in paragraph at lines 51--71
\OT1/cmr/m/n/10 tocur-
 []


Overfull \hbox (23.63893pt too wide) in paragraph at lines 51--71
\OT1/cmr/m/n/10 rency
 []


Overfull \hbox (13.05557pt too wide) in paragraph at lines 51--71
\OT1/cmr/m/n/10 ex-
 []


Overfull \hbox (32.50006pt too wide) in paragraph at lines 51--71
\OT1/cmr/m/n/10 change.
 []


Overfull \hbox (7.50002pt too wide) in paragraph at lines 51--71
\OT1/cmr/m/n/10 A
 []


Overfull \hbox (17.86113pt too wide) in paragraph at lines 51--71
\OT1/cmr/m/n/10 user
 []


Overfull \hbox (14.50003pt too wide) in paragraph at lines 51--71
\OT1/cmr/m/n/10 has
 []


Overfull \hbox (10.55559pt too wide) in paragraph at lines 51--71
\OT1/cmr/m/n/10 an
 []


Overfull \hbox (12.77779pt too wide) in paragraph at lines 51--71
\OT1/cmr/m/n/10 ac-
 []


Overfull \hbox (24.16672pt too wide) in paragraph at lines 51--71
\OT1/cmr/m/n/10 count
 []


Overfull \hbox (8.88892pt too wide) in paragraph at lines 51--71
\OT1/cmr/m/n/10 at
 []


Overfull \hbox (13.88892pt too wide) in paragraph at lines 51--71
\OT1/cmr/m/n/10 the
 []


Overfull \hbox (22.52782pt too wide) in paragraph at lines 51--71
\OT1/cmr/m/n/10 cryp-
 []


Overfull \hbox (26.41672pt too wide) in paragraph at lines 51--71
\OT1/cmr/m/n/10 tocur-
 []


Overfull \hbox (23.63893pt too wide) in paragraph at lines 51--71
\OT1/cmr/m/n/10 rency
 []


Overfull \hbox (13.05557pt too wide) in paragraph at lines 51--71
\OT1/cmr/m/n/10 ex-
 []


Overfull \hbox (32.50006pt too wide) in paragraph at lines 51--71
\OT1/cmr/m/n/10 change,
 []


Overfull \hbox (19.44449pt too wide) in paragraph at lines 51--71
\OT1/cmr/m/n/10 then
 []


Overfull \hbox (13.33334pt too wide) in paragraph at lines 51--71
\OT1/cmr/m/n/10 de-
 []


Overfull \hbox (21.4445pt too wide) in paragraph at lines 51--71
\OT1/cmr/m/n/10 posit
 []


Overfull \hbox (21.72226pt too wide) in paragraph at lines 51--71
\OT1/cmr/m/n/10 some
 []


Overfull \hbox (33.05565pt too wide) in paragraph at lines 51--71
\OT1/cmr/m/n/10 amount
 []


Overfull \hbox (8.05559pt too wide) in paragraph at lines 51--71
\OT1/cmr/m/n/10 of
 []


Overfull \hbox (28.61119pt too wide) in paragraph at lines 51--71
\OT1/cmr/m/n/10 money
 []


Overfull \hbox (8.88892pt too wide) in paragraph at lines 51--71
\OT1/cmr/m/n/10 to
 []


Overfull \hbox (13.88892pt too wide) in paragraph at lines 51--71
\OT1/cmr/m/n/10 the
 []


Overfull \hbox (12.77779pt too wide) in paragraph at lines 51--71
\OT1/cmr/m/n/10 ac-
 []


Overfull \hbox (26.9445pt too wide) in paragraph at lines 51--71
\OT1/cmr/m/n/10 count.
 []


Overfull \hbox (19.50003pt too wide) in paragraph at lines 51--71
\OT1/cmr/m/n/10 This
 []


Overfull \hbox (14.44447pt too wide) in paragraph at lines 51--71
\OT1/cmr/m/n/10 im-
 []


Overfull \hbox (19.50003pt too wide) in paragraph at lines 51--71
\OT1/cmr/m/n/10 plies
 []


Overfull \hbox (13.88892pt too wide) in paragraph at lines 51--71
\OT1/cmr/m/n/10 the
 []


Overfull \hbox (22.52782pt too wide) in paragraph at lines 51--71
\OT1/cmr/m/n/10 cryp-
 []


Overfull \hbox (26.41672pt too wide) in paragraph at lines 51--71
\OT1/cmr/m/n/10 tocur-
 []


Overfull \hbox (23.63893pt too wide) in paragraph at lines 51--71
\OT1/cmr/m/n/10 rency
 []


Overfull \hbox (13.05557pt too wide) in paragraph at lines 51--71
\OT1/cmr/m/n/10 ex-
 []


Overfull \hbox (29.72227pt too wide) in paragraph at lines 51--71
\OT1/cmr/m/n/10 change
 []


Overfull \hbox (14.50003pt too wide) in paragraph at lines 51--71
\OT1/cmr/m/n/10 has
 []


Overfull \hbox (18.38892pt too wide) in paragraph at lines 51--71
\OT1/cmr/m/n/10 sim-
 []


Overfull \hbox (6.11111pt too wide) in paragraph at lines 51--71
\OT1/cmr/m/n/10 i-
 []


Overfull \hbox (11.69447pt too wide) in paragraph at lines 51--71
\OT1/cmr/m/n/10 lar
 []


Overfull \hbox (21.94449pt too wide) in paragraph at lines 51--71
\OT1/cmr/m/n/10 func-
 []


Overfull \hbox (20.5556pt too wide) in paragraph at lines 51--71
\OT1/cmr/m/n/10 tion-
 []


Overfull \hbox (11.11113pt too wide) in paragraph at lines 51--71
\OT1/cmr/m/n/10 al-
 []


Overfull \hbox (11.6667pt too wide) in paragraph at lines 51--71
\OT1/cmr/m/n/10 ity
 []


Overfull \hbox (8.94446pt too wide) in paragraph at lines 51--71
\OT1/cmr/m/n/10 as
 []


Overfull \hbox (5.00002pt too wide) in paragraph at lines 51--71
\OT1/cmr/m/n/10 a
 []


Overfull \hbox (24.16675pt too wide) in paragraph at lines 51--71
\OT1/cmr/m/n/10 bank.
 []


Overfull \hbox (25.86115pt too wide) in paragraph at lines 51--71
\OT1/cmr/m/n/10 More-
 []


Overfull \hbox (20.86115pt too wide) in paragraph at lines 51--71
\OT1/cmr/m/n/10 over,
 []


Overfull \hbox (21.16672pt too wide) in paragraph at lines 51--71
\OT1/cmr/m/n/10 most
 []


Overfull \hbox (22.52782pt too wide) in paragraph at lines 51--71
\OT1/cmr/m/n/10 cryp-
 []


Overfull \hbox (26.41672pt too wide) in paragraph at lines 51--71
\OT1/cmr/m/n/10 tocur-
 []


Overfull \hbox (23.63893pt too wide) in paragraph at lines 51--71
\OT1/cmr/m/n/10 rency
 []


Overfull \hbox (13.05557pt too wide) in paragraph at lines 51--71
\OT1/cmr/m/n/10 ex-
 []


Overfull \hbox (33.66672pt too wide) in paragraph at lines 51--71
\OT1/cmr/m/n/10 changes
 []


Overfull \hbox (19.44447pt too wide) in paragraph at lines 51--71
\OT1/cmr/m/n/10 keep
 []


Overfull \hbox (5.00002pt too wide) in paragraph at lines 51--71
\OT1/cmr/m/n/10 a
 []


Overfull \hbox (19.47226pt too wide) in paragraph at lines 51--71
\OT1/cmr/m/n/10 (pri-
 []


Overfull \hbox (21.9445pt too wide) in paragraph at lines 51--71
\OT1/cmr/m/n/10 vate)
 []


Overfull \hbox (20.61115pt too wide) in paragraph at lines 51--71
\OT1/cmr/m/n/10 sign-
 []


Overfull \hbox (13.33337pt too wide) in paragraph at lines 51--71
\OT1/cmr/m/n/10 ing
 []


Overfull \hbox (14.72226pt too wide) in paragraph at lines 51--71
\OT1/cmr/m/n/10 key
 []


Overfull \hbox (8.05559pt too wide) in paragraph at lines 51--71
\OT1/cmr/m/n/10 of
 []


Overfull \hbox (19.16669pt too wide) in paragraph at lines 51--71
\OT1/cmr/m/n/10 each
 []


Overfull \hbox (17.86113pt too wide) in paragraph at lines 51--71
\OT1/cmr/m/n/10 user
 []


Overfull \hbox (11.66669pt too wide) in paragraph at lines 51--71
\OT1/cmr/m/n/10 in-
 []


Overfull \hbox (16.72224pt too wide) in paragraph at lines 51--71
\OT1/cmr/m/n/10 side
 []


Overfull \hbox (20.58337pt too wide) in paragraph at lines 51--71
\OT1/cmr/m/n/10 their
 []


Overfull \hbox (28.44447pt too wide) in paragraph at lines 51--71
\OT1/cmr/m/n/10 server.
 []


Overfull \hbox (19.50003pt too wide) in paragraph at lines 51--71
\OT1/cmr/m/n/10 This
 []


Overfull \hbox (27.27783pt too wide) in paragraph at lines 51--71
\OT1/cmr/m/n/10 means
 []


Overfull \hbox (19.22224pt too wide) in paragraph at lines 51--71
\OT1/cmr/m/n/10 such
 []


Overfull \hbox (22.52782pt too wide) in paragraph at lines 51--71
\OT1/cmr/m/n/10 cryp-
 []


Overfull \hbox (26.41672pt too wide) in paragraph at lines 51--71
\OT1/cmr/m/n/10 tocur-
 []


Overfull \hbox (23.63893pt too wide) in paragraph at lines 51--71
\OT1/cmr/m/n/10 rency
 []


Overfull \hbox (13.05557pt too wide) in paragraph at lines 51--71
\OT1/cmr/m/n/10 ex-
 []


Overfull \hbox (33.66672pt too wide) in paragraph at lines 51--71
\OT1/cmr/m/n/10 changes
 []


Overfull \hbox (19.72226pt too wide) in paragraph at lines 51--71
\OT1/cmr/m/n/10 have
 []


Overfull \hbox (5.00002pt too wide) in paragraph at lines 51--71
\OT1/cmr/m/n/10 a
 []


Overfull \hbox (21.94449pt too wide) in paragraph at lines 51--71
\OT1/cmr/m/n/10 func-
 []


Overfull \hbox (20.5556pt too wide) in paragraph at lines 51--71
\OT1/cmr/m/n/10 tion-
 []


Overfull \hbox (11.11113pt too wide) in paragraph at lines 51--71
\OT1/cmr/m/n/10 al-
 []


Overfull \hbox (11.6667pt too wide) in paragraph at lines 51--71
\OT1/cmr/m/n/10 ity
 []


Overfull \hbox (8.05559pt too wide) in paragraph at lines 51--71
\OT1/cmr/m/n/10 of
 []


Overfull \hbox (17.27779pt too wide) in paragraph at lines 51--71
\OT1/cmr/m/n/10 cus-
 []


Overfull \hbox (12.22224pt too wide) in paragraph at lines 51--71
\OT1/cmr/m/n/10 to-
 []


Overfull \hbox (21.66673pt too wide) in paragraph at lines 51--71
\OT1/cmr/m/n/10 dian.
 []


Overfull \hbox (23.33339pt too wide) in paragraph at lines 51--71
\OT1/cmr/m/n/10 Some
 []


Overfull \hbox (22.52782pt too wide) in paragraph at lines 51--71
\OT1/cmr/m/n/10 cryp-
 []


Overfull \hbox (26.41672pt too wide) in paragraph at lines 51--71
\OT1/cmr/m/n/10 tocur-
 []


Overfull \hbox (23.63893pt too wide) in paragraph at lines 51--71
\OT1/cmr/m/n/10 rency
 []


Overfull \hbox (13.05557pt too wide) in paragraph at lines 51--71
\OT1/cmr/m/n/10 ex-
 []


Overfull \hbox (33.66672pt too wide) in paragraph at lines 51--71
\OT1/cmr/m/n/10 changes
 []


Overfull \hbox (10.55559pt too wide) in paragraph at lines 51--71
\OT1/cmr/m/n/10 do
 []


Overfull \hbox (14.44449pt too wide) in paragraph at lines 51--71
\OT1/cmr/m/n/10 not
 []


Overfull \hbox (27.27782pt too wide) in paragraph at lines 51--71
\OT1/cmr/m/n/10 record
 []


Overfull \hbox (25.63893pt too wide) in paragraph at lines 51--71
\OT1/cmr/m/n/10 trans-
 []


Overfull \hbox (11.41669pt too wide) in paragraph at lines 51--71
\OT1/cmr/m/n/10 fer
 []


Overfull \hbox (8.05559pt too wide) in paragraph at lines 51--71
\OT1/cmr/m/n/10 of
 []


Overfull \hbox (22.52782pt too wide) in paragraph at lines 51--71
\OT1/cmr/m/n/10 cryp-
 []


Overfull \hbox (26.41672pt too wide) in paragraph at lines 51--71
\OT1/cmr/m/n/10 tocur-
 []


Overfull \hbox (23.63893pt too wide) in paragraph at lines 51--71
\OT1/cmr/m/n/10 rency
 []


Overfull \hbox (16.94449pt too wide) in paragraph at lines 51--71
\OT1/cmr/m/n/10 into
 []


Overfull \hbox (13.88892pt too wide) in paragraph at lines 51--71
\OT1/cmr/m/n/10 the
 []


Overfull \hbox (20.02782pt too wide) in paragraph at lines 51--71
\OT1/cmr/m/n/10 orig-
 []


Overfull \hbox (6.11111pt too wide) in paragraph at lines 51--71
\OT1/cmr/m/n/10 i-
 []


Overfull \hbox (13.33337pt too wide) in paragraph at lines 51--71
\OT1/cmr/m/n/10 nal
 []


Overfull \hbox (48.61122pt too wide) in paragraph at lines 51--71
\OT1/cmr/m/n/10 blockchain.
 []


Overfull \hbox (9.16669pt too wide) in paragraph at lines 51--71
\OT1/cmr/m/n/10 In
 []


Overfull \hbox (19.22224pt too wide) in paragraph at lines 51--71
\OT1/cmr/m/n/10 such
 []


Overfull \hbox (20.61113pt too wide) in paragraph at lines 51--71
\OT1/cmr/m/n/10 case,
 []


Overfull \hbox (22.52782pt too wide) in paragraph at lines 51--71
\OT1/cmr/m/n/10 cryp-
 []


Overfull \hbox (26.41672pt too wide) in paragraph at lines 51--71
\OT1/cmr/m/n/10 tocur-
 []


Overfull \hbox (23.63893pt too wide) in paragraph at lines 51--71
\OT1/cmr/m/n/10 rency
 []


Overfull \hbox (6.72223pt too wide) in paragraph at lines 51--71
\OT1/cmr/m/n/10 is
 []


Overfull \hbox (27.27785pt too wide) in paragraph at lines 51--71
\OT1/cmr/m/n/10 ``sold''
 []


Overfull \hbox (8.33336pt too wide) in paragraph at lines 51--71
\OT1/cmr/m/n/10 in
 []


Overfull \hbox (13.05557pt too wide) in paragraph at lines 51--71
\OT1/cmr/m/n/10 ex-
 []


Overfull \hbox (29.72227pt too wide) in paragraph at lines 51--71
\OT1/cmr/m/n/10 change
 []


Overfull \hbox (8.05559pt too wide) in paragraph at lines 51--71
\OT1/cmr/m/n/10 of
 []


Overfull \hbox (17.27779pt too wide) in paragraph at lines 51--71
\OT1/cmr/m/n/10 cus-
 []


Overfull \hbox (32.30562pt too wide) in paragraph at lines 51--71
\OT1/cmr/m/n/10 tomer's
 []


Overfull \hbox (30.55563pt too wide) in paragraph at lines 51--71
\OT1/cmr/m/n/10 money,
 []


Overfull \hbox (15.00005pt too wide) in paragraph at lines 51--71
\OT1/cmr/m/n/10 but
 []


Overfull \hbox (23.33339pt too wide) in paragraph at lines 51--71
\OT1/cmr/m/n/10 noth-
 []


Overfull \hbox (13.33337pt too wide) in paragraph at lines 51--71
\OT1/cmr/m/n/10 ing
 []


Overfull \hbox (6.72223pt too wide) in paragraph at lines 51--71
\OT1/cmr/m/n/10 is
 []


Overfull \hbox (17.27782pt too wide) in paragraph at lines 51--71
\OT1/cmr/m/n/10 sold
 []


Overfull \hbox (16.11116pt too wide) in paragraph at lines 51--71
\OT1/cmr/m/n/10 and
 []


Overfull \hbox (13.88892pt too wide) in paragraph at lines 51--71
\OT1/cmr/m/n/10 the
 []


Overfull \hbox (17.27779pt too wide) in paragraph at lines 51--71
\OT1/cmr/m/n/10 cus-
 []


Overfull \hbox (25.58339pt too wide) in paragraph at lines 51--71
\OT1/cmr/m/n/10 tomer
 []


Overfull \hbox (20.33339pt too wide) in paragraph at lines 51--71
\OT1/cmr/m/n/10 buys
 []


Overfull \hbox (25.05559pt too wide) in paragraph at lines 51--71
\OT1/cmr/m/n/10 some-
 []


Overfull \hbox (22.77785pt too wide) in paragraph at lines 51--71
\OT1/cmr/m/n/10 thing
 []


Overfull \hbox (22.77782pt too wide) in paragraph at lines 51--71
\OT1/cmr/m/n/10 with-
 []


Overfull \hbox (14.44449pt too wide) in paragraph at lines 51--71
\OT1/cmr/m/n/10 out
 []


Overfull \hbox (13.88892pt too wide) in paragraph at lines 51--71
\OT1/cmr/m/n/10 the
 []


Overfull \hbox (13.05557pt too wide) in paragraph at lines 51--71
\OT1/cmr/m/n/10 ex-
 []


Overfull \hbox (10.05556pt too wide) in paragraph at lines 51--71
\OT1/cmr/m/n/10 is-
 []


Overfull \hbox (22.7778pt too wide) in paragraph at lines 51--71
\OT1/cmr/m/n/10 tence
 []


Overfull \hbox (8.05559pt too wide) in paragraph at lines 51--71
\OT1/cmr/m/n/10 of
 []


Overfull \hbox (13.88892pt too wide) in paragraph at lines 51--71
\OT1/cmr/m/n/10 the
 []


Overfull \hbox (22.52782pt too wide) in paragraph at lines 51--71
\OT1/cmr/m/n/10 cryp-
 []


Overfull \hbox (26.41672pt too wide) in paragraph at lines 51--71
\OT1/cmr/m/n/10 tocur-
 []


Overfull \hbox (25.58337pt too wide) in paragraph at lines 51--71
\OT1/cmr/m/n/10 rency.
 []


Overfull \hbox (9.16669pt too wide) in paragraph at lines 51--71
\OT1/cmr/m/n/10 In
 []


Overfull \hbox (21.72226pt too wide) in paragraph at lines 51--71
\OT1/cmr/m/n/10 some
 []


Overfull \hbox (20.61113pt too wide) in paragraph at lines 51--71
\OT1/cmr/m/n/10 case,
 []


Overfull \hbox (22.52782pt too wide) in paragraph at lines 51--71
\OT1/cmr/m/n/10 cryp-
 []


Overfull \hbox (26.41672pt too wide) in paragraph at lines 51--71
\OT1/cmr/m/n/10 tocur-
 []


Overfull \hbox (23.63893pt too wide) in paragraph at lines 51--71
\OT1/cmr/m/n/10 rency
 []


Overfull \hbox (6.72223pt too wide) in paragraph at lines 51--71
\OT1/cmr/m/n/10 is
 []


Overfull \hbox (17.27782pt too wide) in paragraph at lines 51--71
\OT1/cmr/m/n/10 sold
 []


Overfull \hbox (10.55559pt too wide) in paragraph at lines 51--71
\OT1/cmr/m/n/10 by
 []


Overfull \hbox (13.88892pt too wide) in paragraph at lines 51--71
\OT1/cmr/m/n/10 the
 []


Overfull \hbox (13.05557pt too wide) in paragraph at lines 51--71
\OT1/cmr/m/n/10 ex-
 []


Overfull \hbox (29.72227pt too wide) in paragraph at lines 51--71
\OT1/cmr/m/n/10 change
 []


Overfull \hbox (10.00002pt too wide) in paragraph at lines 51--71
\OT1/cmr/m/n/10 it-
 []


Overfull \hbox (14.22224pt too wide) in paragraph at lines 51--71
\OT1/cmr/m/n/10 self
 []


Overfull \hbox (19.44449pt too wide) in paragraph at lines 51--71
\OT1/cmr/m/n/10 with
 []


Overfull \hbox (21.72226pt too wide) in paragraph at lines 51--71
\OT1/cmr/m/n/10 some
 []


Overfull \hbox (11.66669pt too wide) in paragraph at lines 51--71
\OT1/cmr/m/n/10 in-
 []


Overfull \hbox (15.30559pt too wide) in paragraph at lines 51--71
\OT1/cmr/m/n/10 for-
 []


Overfull \hbox (16.6667pt too wide) in paragraph at lines 51--71
\OT1/cmr/m/n/10 ma-
 []


Overfull \hbox (17.22227pt too wide) in paragraph at lines 51--71
\OT1/cmr/m/n/10 tion
 []


Overfull \hbox (8.94446pt too wide) in paragraph at lines 51--71
\OT1/cmr/m/n/10 as
 []


Overfull \hbox (6.66669pt too wide) in paragraph at lines 51--71
\OT1/cmr/m/n/10 it
 []


Overfull \hbox (25.11113pt too wide) in paragraph at lines 51--71
\OT1/cmr/m/n/10 seems
 []


Overfull \hbox (36.94452pt too wide) in paragraph at lines 51--71
\OT1/cmr/m/n/10 matched
 []


Overfull \hbox (19.44449pt too wide) in paragraph at lines 51--71
\OT1/cmr/m/n/10 with
 []


Overfull \hbox (21.72226pt too wide) in paragraph at lines 51--71
\OT1/cmr/m/n/10 some
 []


Overfull \hbox (12.25002pt too wide) in paragraph at lines 51--71
\OT1/cmr/m/n/10 or-
 []


Overfull \hbox (16.69447pt too wide) in paragraph at lines 51--71
\OT1/cmr/m/n/10 der.
 []


Overfull \hbox (9.16669pt too wide) in paragraph at lines 51--71
\OT1/cmr/m/n/10 In
 []


Overfull \hbox (22.83337pt too wide) in paragraph at lines 51--71
\OT1/cmr/m/n/10 th3se
 []


Overfull \hbox (24.55557pt too wide) in paragraph at lines 51--71
\OT1/cmr/m/n/10 cases,
 []


Overfull \hbox (13.88892pt too wide) in paragraph at lines 51--71
\OT1/cmr/m/n/10 the
 []


Overfull \hbox (18.05559pt too wide) in paragraph at lines 51--71
\OT1/cmr/m/n/10 ``ex-
 []


Overfull \hbox (37.50008pt too wide) in paragraph at lines 51--71
\OT1/cmr/m/n/10 change.''
 []


Overfull \hbox (6.72223pt too wide) in paragraph at lines 51--71
\OT1/cmr/m/n/10 is
 []


Overfull \hbox (14.44449pt too wide) in paragraph at lines 51--71
\OT1/cmr/m/n/10 not
 []


Overfull \hbox (17.80559pt too wide) in paragraph at lines 51--71
\OT1/cmr/m/n/10 true
 []


Overfull \hbox (13.05557pt too wide) in paragraph at lines 51--71
\OT1/cmr/m/n/10 ex-
 []


Overfull \hbox (32.50006pt too wide) in paragraph at lines 51--71
\OT1/cmr/m/n/10 change,
 []


Overfull \hbox (15.00005pt too wide) in paragraph at lines 51--71
\OT1/cmr/m/n/10 but
 []


Overfull \hbox (5.00002pt too wide) in paragraph at lines 51--71
\OT1/cmr/m/n/10 a
 []


Overfull \hbox (17.25002pt too wide) in paragraph at lines 51--71
\OT1/cmr/m/n/10 cur-
 []


Overfull \hbox (23.63893pt too wide) in paragraph at lines 51--71
\OT1/cmr/m/n/10 rency
 []


Overfull \hbox (22.83339pt too wide) in paragraph at lines 51--71
\OT1/cmr/m/n/10 shop.
 []


Overfull \hbox (25.58336pt too wide) in paragraph at lines 51--71
\OT1/cmr/m/n/10 There
 []


Overfull \hbox (6.72223pt too wide) in paragraph at lines 51--71
\OT1/cmr/m/n/10 is
 []


Overfull \hbox (10.55559pt too wide) in paragraph at lines 51--71
\OT1/cmr/m/n/10 an
 []


Overfull \hbox (11.72221pt too wide) in paragraph at lines 51--71
\OT1/cmr/m/n/10 es-
 []


Overfull \hbox (17.27779pt too wide) in paragraph at lines 51--71
\OT1/cmr/m/n/10 sen-
 []


Overfull \hbox (14.44449pt too wide) in paragraph at lines 51--71
\OT1/cmr/m/n/10 tial
 []


Overfull \hbox (16.69446pt too wide) in paragraph at lines 51--71
\OT1/cmr/m/n/10 rea-
 []


Overfull \hbox (14.50003pt too wide) in paragraph at lines 51--71
\OT1/cmr/m/n/10 son
 []


Overfull \hbox (17.77782pt too wide) in paragraph at lines 51--71
\OT1/cmr/m/n/10 why
 []


Overfull \hbox (10.55559pt too wide) in paragraph at lines 51--71
\OT1/cmr/m/n/10 an
 []


Overfull \hbox (13.33336pt too wide) in paragraph at lines 51--71
\OT1/cmr/m/n/10 av-
 []


Overfull \hbox (11.69444pt too wide) in paragraph at lines 51--71
\OT1/cmr/m/n/10 er-
 []


Overfull \hbox (14.44447pt too wide) in paragraph at lines 51--71
\OT1/cmr/m/n/10 age
 []


Overfull \hbox (17.27779pt too wide) in paragraph at lines 51--71
\OT1/cmr/m/n/10 cus-
 []


Overfull \hbox (25.58339pt too wide) in paragraph at lines 51--71
\OT1/cmr/m/n/10 tomer
 []


Overfull \hbox (13.33334pt too wide) in paragraph at lines 51--71
\OT1/cmr/m/n/10 de-
 []


Overfull \hbox (25.38895pt too wide) in paragraph at lines 51--71
\OT1/cmr/m/n/10 posits
 []


Overfull \hbox (13.88892pt too wide) in paragraph at lines 51--71
\OT1/cmr/m/n/10 the
 []


Overfull \hbox (15.58336pt too wide) in paragraph at lines 51--71
\OT1/cmr/m/n/10 pri-
 []


Overfull \hbox (18.0556pt too wide) in paragraph at lines 51--71
\OT1/cmr/m/n/10 vate
 []


Overfull \hbox (20.61115pt too wide) in paragraph at lines 51--71
\OT1/cmr/m/n/10 sign-
 []


Overfull \hbox (13.33337pt too wide) in paragraph at lines 51--71
\OT1/cmr/m/n/10 ing
 []


Overfull \hbox (14.72226pt too wide) in paragraph at lines 51--71
\OT1/cmr/m/n/10 key
 []


Overfull \hbox (8.88892pt too wide) in paragraph at lines 51--71
\OT1/cmr/m/n/10 to
 []


Overfull \hbox (13.88892pt too wide) in paragraph at lines 51--71
\OT1/cmr/m/n/10 the
 []


Overfull \hbox (22.52782pt too wide) in paragraph at lines 51--71
\OT1/cmr/m/n/10 cryp-
 []


Overfull \hbox (26.41672pt too wide) in paragraph at lines 51--71
\OT1/cmr/m/n/10 tocur-
 []


Overfull \hbox (23.63893pt too wide) in paragraph at lines 51--71
\OT1/cmr/m/n/10 rency
 []


Overfull \hbox (13.05557pt too wide) in paragraph at lines 51--71
\OT1/cmr/m/n/10 ex-
 []


Overfull \hbox (29.72227pt too wide) in paragraph at lines 51--71
\OT1/cmr/m/n/10 change
 []


Overfull \hbox (9.50002pt too wide) in paragraph at lines 51--71
\OT1/cmr/m/n/10 is,
 []


Overfull \hbox (6.66669pt too wide) in paragraph at lines 51--71
\OT1/cmr/m/n/10 it
 []


Overfull \hbox (6.72223pt too wide) in paragraph at lines 51--71
\OT1/cmr/m/n/10 is
 []


Overfull \hbox (14.44449pt too wide) in paragraph at lines 51--71
\OT1/cmr/m/n/10 not
 []


Overfull \hbox (18.6667pt too wide) in paragraph at lines 51--71
\OT1/cmr/m/n/10 easy
 []


Overfull \hbox (8.88892pt too wide) in paragraph at lines 51--71
\OT1/cmr/m/n/10 to
 []


Overfull \hbox (11.72221pt too wide) in paragraph at lines 51--71
\OT1/cmr/m/n/10 se-
 []


Overfull \hbox (26.41672pt too wide) in paragraph at lines 51--71
\OT1/cmr/m/n/10 curely
 []


Overfull \hbox (22.22227pt too wide) in paragraph at lines 51--71
\OT1/cmr/m/n/10 man-
 []


Overfull \hbox (14.44447pt too wide) in paragraph at lines 51--71
\OT1/cmr/m/n/10 age
 []


Overfull \hbox (13.88892pt too wide) in paragraph at lines 51--71
\OT1/cmr/m/n/10 the
 []


Overfull \hbox (15.58336pt too wide) in paragraph at lines 51--71
\OT1/cmr/m/n/10 pri-
 []


Overfull \hbox (18.0556pt too wide) in paragraph at lines 51--71
\OT1/cmr/m/n/10 vate
 []


Overfull \hbox (22.52782pt too wide) in paragraph at lines 51--71
\OT1/cmr/m/n/10 cryp-
 []


Overfull \hbox (12.22224pt too wide) in paragraph at lines 51--71
\OT1/cmr/m/n/10 to-
 []


Overfull \hbox (32.25008pt too wide) in paragraph at lines 51--71
\OT1/cmr/m/n/10 graphic
 []


Overfull \hbox (14.72226pt too wide) in paragraph at lines 51--71
\OT1/cmr/m/n/10 key
 []


Overfull \hbox (11.97226pt too wide) in paragraph at lines 51--71
\OT1/cmr/m/n/10 for
 []


Overfull \hbox (19.22224pt too wide) in paragraph at lines 51--71
\OT1/cmr/m/n/10 such
 []


Overfull \hbox (10.55559pt too wide) in paragraph at lines 51--71
\OT1/cmr/m/n/10 an
 []


Overfull \hbox (13.33336pt too wide) in paragraph at lines 51--71
\OT1/cmr/m/n/10 av-
 []


Overfull \hbox (11.69444pt too wide) in paragraph at lines 51--71
\OT1/cmr/m/n/10 er-
 []


Overfull \hbox (14.44447pt too wide) in paragraph at lines 51--71
\OT1/cmr/m/n/10 age
 []


Overfull \hbox (17.5278pt too wide) in paragraph at lines 51--71
\OT1/cmr/m/n/10 per-
 []


Overfull \hbox (17.27782pt too wide) in paragraph at lines 51--71
\OT1/cmr/m/n/10 son. 
 []

./sec3.tex:75: Undefined control sequence.
l.75 \subsection
                {Shortage of security consideration}
The control sequence at the end of the top line
of your error message was never \def'ed. If you have
misspelled it (e.g., `\hobx'), type `I' and the correct
spelling (e.g., `I\hbox'). Otherwise just continue,
and I'll forget about whatever was undefined.


./sec3.tex:75: LaTeX Error: Missing \begin{document}.

See the LaTeX manual or LaTeX Companion for explanation.
Type  H <return>  for immediate help.
 ...                                              
                                                  
l.75 \subsection{S
                  hortage of security consideration}
You're in trouble here.  Try typing  <return>  to proceed.
If that doesn't work, type  X <return>  to quit.


Overfull \hbox (58.3612pt too wide) in paragraph at lines 75--83
[]\OT1/cmr/m/n/10 Shortage
 []


Overfull \hbox (8.05559pt too wide) in paragraph at lines 75--83
\OT1/cmr/m/n/10 of
 []


Overfull \hbox (11.72221pt too wide) in paragraph at lines 75--83
\OT1/cmr/m/n/10 se-
 []


Overfull \hbox (13.33334pt too wide) in paragraph at lines 75--83
\OT1/cmr/m/n/10 cu-
 []


Overfull \hbox (15.58337pt too wide) in paragraph at lines 75--83
\OT1/cmr/m/n/10 rity
 []


Overfull \hbox (18.33336pt too wide) in paragraph at lines 75--83
\OT1/cmr/m/n/10 con-
 []


Overfull \hbox (15.61113pt too wide) in paragraph at lines 75--83
\OT1/cmr/m/n/10 sid-
 []


Overfull \hbox (11.69444pt too wide) in paragraph at lines 75--83
\OT1/cmr/m/n/10 er-
 []


Overfull \hbox (8.33334pt too wide) in paragraph at lines 75--83
\OT1/cmr/m/n/10 a-
 []


Overfull \hbox (17.22227pt too wide) in paragraph at lines 75--83
\OT1/cmr/m/n/10 tion
 []


Overfull \hbox (22.9445pt too wide) in paragraph at lines 75--83
\OT1/cmr/m/n/10 From
 []


Overfull \hbox (13.88892pt too wide) in paragraph at lines 75--83
\OT1/cmr/m/n/10 the
 []


Overfull \hbox (21.66672pt too wide) in paragraph at lines 75--83
\OT1/cmr/m/n/10 anal-
 []


Overfull \hbox (8.61113pt too wide) in paragraph at lines 75--83
\OT1/cmr/m/n/10 y-
 []


Overfull \hbox (10.66667pt too wide) in paragraph at lines 75--83
\OT1/cmr/m/n/10 sis
 []


Overfull \hbox (8.05559pt too wide) in paragraph at lines 75--83
\OT1/cmr/m/n/10 of
 []


Overfull \hbox (21.94449pt too wide) in paragraph at lines 75--83
\OT1/cmr/m/n/10 func-
 []


Overfull \hbox (20.5556pt too wide) in paragraph at lines 75--83
\OT1/cmr/m/n/10 tion-
 []


Overfull \hbox (11.11113pt too wide) in paragraph at lines 75--83
\OT1/cmr/m/n/10 al-
 []


Overfull \hbox (6.11111pt too wide) in paragraph at lines 75--83
\OT1/cmr/m/n/10 i-
 []


Overfull \hbox (15.05557pt too wide) in paragraph at lines 75--83
\OT1/cmr/m/n/10 ties
 []


Overfull \hbox (13.33334pt too wide) in paragraph at lines 75--83
\OT1/cmr/m/n/10 de-
 []


Overfull \hbox (30.91672pt too wide) in paragraph at lines 75--83
\OT1/cmr/m/n/10 scribed
 []


Overfull \hbox (8.33336pt too wide) in paragraph at lines 75--83
\OT1/cmr/m/n/10 in
 []


Overfull \hbox (13.88892pt too wide) in paragraph at lines 75--83
\OT1/cmr/m/n/10 the
 []


Overfull \hbox (17.25002pt too wide) in paragraph at lines 75--83
\OT1/cmr/m/n/10 pre-
 []


Overfull \hbox (11.38892pt too wide) in paragraph at lines 75--83
\OT1/cmr/m/n/10 vi-
 []


Overfull \hbox (14.50003pt too wide) in paragraph at lines 75--83
\OT1/cmr/m/n/10 ous
 []


Overfull \hbox (18.38892pt too wide) in paragraph at lines 75--83
\OT1/cmr/m/n/10 sub-
 []


Overfull \hbox (16.16666pt too wide) in paragraph at lines 75--83
\OT1/cmr/m/n/10 sec-
 []


Overfull \hbox (20.00006pt too wide) in paragraph at lines 75--83
\OT1/cmr/m/n/10 tion,
 []


Overfull \hbox (21.16672pt too wide) in paragraph at lines 75--83
\OT1/cmr/m/n/10 most
 []


Overfull \hbox (8.05559pt too wide) in paragraph at lines 75--83
\OT1/cmr/m/n/10 of
 []


Overfull \hbox (13.88892pt too wide) in paragraph at lines 75--83
\OT1/cmr/m/n/10 the
 []


Overfull \hbox (13.05557pt too wide) in paragraph at lines 75--83
\OT1/cmr/m/n/10 ex-
 []


Overfull \hbox (13.94446pt too wide) in paragraph at lines 75--83
\OT1/cmr/m/n/10 ist-
 []


Overfull \hbox (13.33337pt too wide) in paragraph at lines 75--83
\OT1/cmr/m/n/10 ing
 []


Overfull \hbox (22.52782pt too wide) in paragraph at lines 75--83
\OT1/cmr/m/n/10 cryp-
 []


Overfull \hbox (26.41672pt too wide) in paragraph at lines 75--83
\OT1/cmr/m/n/10 tocur-
 []


Overfull \hbox (23.63893pt too wide) in paragraph at lines 75--83
\OT1/cmr/m/n/10 rency
 []


Overfull \hbox (13.05557pt too wide) in paragraph at lines 75--83
\OT1/cmr/m/n/10 ex-
 []


Overfull \hbox (33.66672pt too wide) in paragraph at lines 75--83
\OT1/cmr/m/n/10 changes
 []


Overfull \hbox (19.72226pt too wide) in paragraph at lines 75--83
\OT1/cmr/m/n/10 have
 []


Overfull \hbox (21.69449pt too wide) in paragraph at lines 75--83
\OT1/cmr/m/n/10 more
 []


Overfull \hbox (21.94449pt too wide) in paragraph at lines 75--83
\OT1/cmr/m/n/10 func-
 []


Overfull \hbox (20.5556pt too wide) in paragraph at lines 75--83
\OT1/cmr/m/n/10 tion-
 []


Overfull \hbox (11.11113pt too wide) in paragraph at lines 75--83
\OT1/cmr/m/n/10 al-
 []


Overfull \hbox (6.11111pt too wide) in paragraph at lines 75--83
\OT1/cmr/m/n/10 i-
 []


Overfull \hbox (15.05557pt too wide) in paragraph at lines 75--83
\OT1/cmr/m/n/10 ties
 []


Overfull \hbox (20.00006pt too wide) in paragraph at lines 75--83
\OT1/cmr/m/n/10 than
 []


Overfull \hbox (15.5556pt too wide) in paragraph at lines 75--83
\OT1/cmr/m/n/10 any
 []


Overfull \hbox (15.00003pt too wide) in paragraph at lines 75--83
\OT1/cmr/m/n/10 one
 []


Overfull \hbox (8.05559pt too wide) in paragraph at lines 75--83
\OT1/cmr/m/n/10 of
 []


Overfull \hbox (13.88892pt too wide) in paragraph at lines 75--83
\OT1/cmr/m/n/10 the
 []


Overfull \hbox (22.5556pt too wide) in paragraph at lines 75--83
\OT1/cmr/m/n/10 stock
 []


Overfull \hbox (13.05557pt too wide) in paragraph at lines 75--83
\OT1/cmr/m/n/10 ex-
 []


Overfull \hbox (32.50006pt too wide) in paragraph at lines 75--83
\OT1/cmr/m/n/10 change,
 []


Overfull \hbox (24.16675pt too wide) in paragraph at lines 75--83
\OT1/cmr/m/n/10 bank,
 []


Overfull \hbox (17.27779pt too wide) in paragraph at lines 75--83
\OT1/cmr/m/n/10 cus-
 []


Overfull \hbox (12.22224pt too wide) in paragraph at lines 75--83
\OT1/cmr/m/n/10 to-
 []


Overfull \hbox (21.66673pt too wide) in paragraph at lines 75--83
\OT1/cmr/m/n/10 dian,
 []


Overfull \hbox (16.11116pt too wide) in paragraph at lines 75--83
\OT1/cmr/m/n/10 and
 []


Overfull \hbox (22.83339pt too wide) in paragraph at lines 75--83
\OT1/cmr/m/n/10 shop. 
 []


./sec3.tex:84: LaTeX Error: Missing \begin{document}.

See the LaTeX manual or LaTeX Companion for explanation.
Type  H <return>  for immediate help.
 ...                                              
                                                  
l.84 H
      owever, unfortunately, most cryptocurrency exchanges are startup compa...
You're in trouble here.  Try typing  <return>  to proceed.
If that doesn't work, type  X <return>  to quit.


Overfull \hbox (59.75005pt too wide) in paragraph at lines 84--92
[]\OT1/cmr/m/n/10 However,
 []


Overfull \hbox (14.44447pt too wide) in paragraph at lines 84--92
\OT1/cmr/m/n/10 un-
 []


Overfull \hbox (15.30559pt too wide) in paragraph at lines 84--92
\OT1/cmr/m/n/10 for-
 []


Overfull \hbox (12.7778pt too wide) in paragraph at lines 84--92
\OT1/cmr/m/n/10 tu-
 []


Overfull \hbox (28.88896pt too wide) in paragraph at lines 84--92
\OT1/cmr/m/n/10 nately,
 []


Overfull \hbox (21.16672pt too wide) in paragraph at lines 84--92
\OT1/cmr/m/n/10 most
 []


Overfull \hbox (22.52782pt too wide) in paragraph at lines 84--92
\OT1/cmr/m/n/10 cryp-
 []


Overfull \hbox (26.41672pt too wide) in paragraph at lines 84--92
\OT1/cmr/m/n/10 tocur-
 []


Overfull \hbox (23.63893pt too wide) in paragraph at lines 84--92
\OT1/cmr/m/n/10 rency
 []


Overfull \hbox (13.05557pt too wide) in paragraph at lines 84--92
\OT1/cmr/m/n/10 ex-
 []


Overfull \hbox (33.66672pt too wide) in paragraph at lines 84--92
\OT1/cmr/m/n/10 changes
 []


Overfull \hbox (13.36113pt too wide) in paragraph at lines 84--92
\OT1/cmr/m/n/10 are
 []


Overfull \hbox (31.75008pt too wide) in paragraph at lines 84--92
\OT1/cmr/m/n/10 startup
 []


Overfull \hbox (21.11115pt too wide) in paragraph at lines 84--92
\OT1/cmr/m/n/10 com-
 []


Overfull \hbox (13.88892pt too wide) in paragraph at lines 84--92
\OT1/cmr/m/n/10 pa-
 []


Overfull \hbox (19.50003pt too wide) in paragraph at lines 84--92
\OT1/cmr/m/n/10 nies.
 []


Overfull \hbox (24.77782pt too wide) in paragraph at lines 84--92
\OT1/cmr/m/n/10 Thus,
 []


Overfull \hbox (19.16672pt too wide) in paragraph at lines 84--92
\OT1/cmr/m/n/10 they
 []


Overfull \hbox (10.55559pt too wide) in paragraph at lines 84--92
\OT1/cmr/m/n/10 do
 []


Overfull \hbox (14.44449pt too wide) in paragraph at lines 84--92
\OT1/cmr/m/n/10 not
 []


Overfull \hbox (19.72226pt too wide) in paragraph at lines 84--92
\OT1/cmr/m/n/10 have
 []


Overfull \hbox (31.11119pt too wide) in paragraph at lines 84--92
\OT1/cmr/m/n/10 enough
 []


Overfull \hbox (12.77779pt too wide) in paragraph at lines 84--92
\OT1/cmr/m/n/10 ca-
 []


Overfull \hbox (13.88892pt too wide) in paragraph at lines 84--92
\OT1/cmr/m/n/10 pa-
 []


Overfull \hbox (14.44447pt too wide) in paragraph at lines 84--92
\OT1/cmr/m/n/10 bil-
 []


Overfull \hbox (11.6667pt too wide) in paragraph at lines 84--92
\OT1/cmr/m/n/10 ity
 []


Overfull \hbox (8.88892pt too wide) in paragraph at lines 84--92
\OT1/cmr/m/n/10 to
 []


Overfull \hbox (16.69447pt too wide) in paragraph at lines 84--92
\OT1/cmr/m/n/10 hire
 []


Overfull \hbox (31.11119pt too wide) in paragraph at lines 84--92
\OT1/cmr/m/n/10 enough
 []


Overfull \hbox (13.05557pt too wide) in paragraph at lines 84--92
\OT1/cmr/m/n/10 ex-
 []


Overfull \hbox (22.02782pt too wide) in paragraph at lines 84--92
\OT1/cmr/m/n/10 perts
 []


Overfull \hbox (8.88892pt too wide) in paragraph at lines 84--92
\OT1/cmr/m/n/10 to
 []


Overfull \hbox (13.33334pt too wide) in paragraph at lines 84--92
\OT1/cmr/m/n/10 de-
 []


Overfull \hbox (20.0556pt too wide) in paragraph at lines 84--92
\OT1/cmr/m/n/10 sign,
 []


Overfull \hbox (14.44447pt too wide) in paragraph at lines 84--92
\OT1/cmr/m/n/10 im-
 []


Overfull \hbox (16.11113pt too wide) in paragraph at lines 84--92
\OT1/cmr/m/n/10 ple-
 []


Overfull \hbox (21.94449pt too wide) in paragraph at lines 84--92
\OT1/cmr/m/n/10 ment
 []


Overfull \hbox (16.11116pt too wide) in paragraph at lines 84--92
\OT1/cmr/m/n/10 and
 []


Overfull \hbox (13.88892pt too wide) in paragraph at lines 84--92
\OT1/cmr/m/n/10 op-
 []


Overfull \hbox (11.69444pt too wide) in paragraph at lines 84--92
\OT1/cmr/m/n/10 er-
 []


Overfull \hbox (13.33336pt too wide) in paragraph at lines 84--92
\OT1/cmr/m/n/10 ate
 []


Overfull \hbox (11.72221pt too wide) in paragraph at lines 84--92
\OT1/cmr/m/n/10 se-
 []


Overfull \hbox (18.36113pt too wide) in paragraph at lines 84--92
\OT1/cmr/m/n/10 cure
 []


Overfull \hbox (22.52782pt too wide) in paragraph at lines 84--92
\OT1/cmr/m/n/10 cryp-
 []


Overfull \hbox (26.41672pt too wide) in paragraph at lines 84--92
\OT1/cmr/m/n/10 tocur-
 []


Overfull \hbox (23.63893pt too wide) in paragraph at lines 84--92
\OT1/cmr/m/n/10 rency
 []


Overfull \hbox (13.05557pt too wide) in paragraph at lines 84--92
\OT1/cmr/m/n/10 ex-
 []


Overfull \hbox (32.50006pt too wide) in paragraph at lines 84--92
\OT1/cmr/m/n/10 change.
 []


Overfull \hbox (17.22224pt too wide) in paragraph at lines 84--92
\OT1/cmr/m/n/10 The
 []


Overfull \hbox (22.50005pt too wide) in paragraph at lines 84--92
\OT1/cmr/m/n/10 num-
 []


Overfull \hbox (14.19447pt too wide) in paragraph at lines 84--92
\OT1/cmr/m/n/10 ber
 []


Overfull \hbox (8.05559pt too wide) in paragraph at lines 84--92
\OT1/cmr/m/n/10 of
 []


Overfull \hbox (19.22224pt too wide) in paragraph at lines 84--92
\OT1/cmr/m/n/10 such
 []


Overfull \hbox (21.94449pt too wide) in paragraph at lines 84--92
\OT1/cmr/m/n/10 qual-
 []


Overfull \hbox (6.11111pt too wide) in paragraph at lines 84--92
\OT1/cmr/m/n/10 i-
 []


Overfull \hbox (15.55559pt too wide) in paragraph at lines 84--92
\OT1/cmr/m/n/10 fied
 []


Overfull \hbox (13.05557pt too wide) in paragraph at lines 84--92
\OT1/cmr/m/n/10 ex-
 []


Overfull \hbox (22.02782pt too wide) in paragraph at lines 84--92
\OT1/cmr/m/n/10 perts
 []


Overfull \hbox (6.72223pt too wide) in paragraph at lines 84--92
\OT1/cmr/m/n/10 is
 []


Overfull \hbox (21.94449pt too wide) in paragraph at lines 84--92
\OT1/cmr/m/n/10 quite
 []


Overfull \hbox (17.22226pt too wide) in paragraph at lines 84--92
\OT1/cmr/m/n/10 lim-
 []


Overfull \hbox (19.44449pt too wide) in paragraph at lines 84--92
\OT1/cmr/m/n/10 ited,
 []


Overfull \hbox (18.6667pt too wide) in paragraph at lines 84--92
\OT1/cmr/m/n/10 thus
 []


Overfull \hbox (12.22224pt too wide) in paragraph at lines 84--92
\OT1/cmr/m/n/10 at-
 []


Overfull \hbox (24.47226pt too wide) in paragraph at lines 84--92
\OT1/cmr/m/n/10 tract-
 []


Overfull \hbox (13.33337pt too wide) in paragraph at lines 84--92
\OT1/cmr/m/n/10 ing
 []


Overfull \hbox (13.88892pt too wide) in paragraph at lines 84--92
\OT1/cmr/m/n/10 the
 []


Overfull \hbox (15.88892pt too wide) in paragraph at lines 84--92
\OT1/cmr/m/n/10 suf-
 []


Overfull \hbox (8.8889pt too wide) in paragraph at lines 84--92
\OT1/cmr/m/n/10 fi-
 []


Overfull \hbox (20.83336pt too wide) in paragraph at lines 84--92
\OT1/cmr/m/n/10 cient
 []


Overfull \hbox (22.50005pt too wide) in paragraph at lines 84--92
\OT1/cmr/m/n/10 num-
 []


Overfull \hbox (14.19447pt too wide) in paragraph at lines 84--92
\OT1/cmr/m/n/10 ber
 []


Overfull \hbox (8.05559pt too wide) in paragraph at lines 84--92
\OT1/cmr/m/n/10 of
 []


Overfull \hbox (21.94449pt too wide) in paragraph at lines 84--92
\OT1/cmr/m/n/10 qual-
 []


Overfull \hbox (6.11111pt too wide) in paragraph at lines 84--92
\OT1/cmr/m/n/10 i-
 []


Overfull \hbox (15.55559pt too wide) in paragraph at lines 84--92
\OT1/cmr/m/n/10 fied
 []


Overfull \hbox (13.05557pt too wide) in paragraph at lines 84--92
\OT1/cmr/m/n/10 ex-
 []


Overfull \hbox (22.02782pt too wide) in paragraph at lines 84--92
\OT1/cmr/m/n/10 perts
 []


Overfull \hbox (6.72223pt too wide) in paragraph at lines 84--92
\OT1/cmr/m/n/10 is
 []


Overfull \hbox (14.44449pt too wide) in paragraph at lines 84--92
\OT1/cmr/m/n/10 not
 []


Overfull \hbox (13.33334pt too wide) in paragraph at lines 84--92
\OT1/cmr/m/n/10 en-
 []


Overfull \hbox (23.08339pt too wide) in paragraph at lines 84--92
\OT1/cmr/m/n/10 tirely
 []


Overfull \hbox (5.00002pt too wide) in paragraph at lines 84--92
\OT1/cmr/m/n/10 a
 []


Overfull \hbox (20.5556pt too wide) in paragraph at lines 84--92
\OT1/cmr/m/n/10 mat-
 []


Overfull \hbox (12.25002pt too wide) in paragraph at lines 84--92
\OT1/cmr/m/n/10 ter
 []


Overfull \hbox (8.05559pt too wide) in paragraph at lines 84--92
\OT1/cmr/m/n/10 of
 []


Overfull \hbox (30.55563pt too wide) in paragraph at lines 84--92
\OT1/cmr/m/n/10 money.
 []


Overfull \hbox (11.44446pt too wide) in paragraph at lines 84--92
\OT1/cmr/m/n/10 As
 []


Overfull \hbox (5.00002pt too wide) in paragraph at lines 84--92
\OT1/cmr/m/n/10 a
 []


Overfull \hbox (11.69444pt too wide) in paragraph at lines 84--92
\OT1/cmr/m/n/10 re-
 []


Overfull \hbox (18.94449pt too wide) in paragraph at lines 84--92
\OT1/cmr/m/n/10 sult,
 []


Overfull \hbox (21.16672pt too wide) in paragraph at lines 84--92
\OT1/cmr/m/n/10 most
 []


Overfull \hbox (22.52782pt too wide) in paragraph at lines 84--92
\OT1/cmr/m/n/10 cryp-
 []


Overfull \hbox (26.41672pt too wide) in paragraph at lines 84--92
\OT1/cmr/m/n/10 tocur-
 []


Overfull \hbox (23.63893pt too wide) in paragraph at lines 84--92
\OT1/cmr/m/n/10 rency
 []


Overfull \hbox (13.05557pt too wide) in paragraph at lines 84--92
\OT1/cmr/m/n/10 ex-
 []


Overfull \hbox (33.66672pt too wide) in paragraph at lines 84--92
\OT1/cmr/m/n/10 changes
 []


Overfull \hbox (13.36113pt too wide) in paragraph at lines 84--92
\OT1/cmr/m/n/10 are
 []


Overfull \hbox (14.44449pt too wide) in paragraph at lines 84--92
\OT1/cmr/m/n/10 not
 []


Overfull \hbox (13.33334pt too wide) in paragraph at lines 84--92
\OT1/cmr/m/n/10 de-
 []


Overfull \hbox (27.27783pt too wide) in paragraph at lines 84--92
\OT1/cmr/m/n/10 signed
 []


Overfull \hbox (10.55559pt too wide) in paragraph at lines 84--92
\OT1/cmr/m/n/10 by
 []


Overfull \hbox (18.33336pt too wide) in paragraph at lines 84--92
\OT1/cmr/m/n/10 gen-
 []


Overfull \hbox (16.13892pt too wide) in paragraph at lines 84--92
\OT1/cmr/m/n/10 eral
 []


Overfull \hbox (11.72221pt too wide) in paragraph at lines 84--92
\OT1/cmr/m/n/10 se-
 []


Overfull \hbox (13.33334pt too wide) in paragraph at lines 84--92
\OT1/cmr/m/n/10 cu-
 []


Overfull \hbox (15.58337pt too wide) in paragraph at lines 84--92
\OT1/cmr/m/n/10 rity
 []


Overfull \hbox (22.22227pt too wide) in paragraph at lines 84--92
\OT1/cmr/m/n/10 man-
 []


Overfull \hbox (17.7778pt too wide) in paragraph at lines 84--92
\OT1/cmr/m/n/10 age-
 []


Overfull \hbox (21.94449pt too wide) in paragraph at lines 84--92
\OT1/cmr/m/n/10 ment
 []


Overfull \hbox (36.38898pt too wide) in paragraph at lines 84--92
\OT1/cmr/m/n/10 method-
 []


Overfull \hbox (11.11113pt too wide) in paragraph at lines 84--92
\OT1/cmr/m/n/10 ol-
 []


Overfull \hbox (15.27783pt too wide) in paragraph at lines 84--92
\OT1/cmr/m/n/10 ogy
 []


Overfull \hbox (11.97226pt too wide) in paragraph at lines 84--92
\OT1/cmr/m/n/10 for
 []


Overfull \hbox (11.66669pt too wide) in paragraph at lines 84--92
\OT1/cmr/m/n/10 in-
 []


Overfull \hbox (19.25003pt too wide) in paragraph at lines 84--92
\OT1/cmr/m/n/10 fras-
 []


Overfull \hbox (21.13892pt too wide) in paragraph at lines 84--92
\OT1/cmr/m/n/10 truc-
 []


Overfull \hbox (20.58337pt too wide) in paragraph at lines 84--92
\OT1/cmr/m/n/10 ture.
 []


Overfull \hbox (22.50005pt too wide) in paragraph at lines 84--92
\OT1/cmr/m/n/10 They
 []


Overfull \hbox (11.66669pt too wide) in paragraph at lines 84--92
\OT1/cmr/m/n/10 in-
 []


Overfull \hbox (22.77782pt too wide) in paragraph at lines 84--92
\OT1/cmr/m/n/10 clude
 []


Overfull \hbox (14.44449pt too wide) in paragraph at lines 84--92
\OT1/cmr/m/n/10 not
 []


Overfull \hbox (18.61118pt too wide) in paragraph at lines 84--92
\OT1/cmr/m/n/10 only
 []


Overfull \hbox (22.52782pt too wide) in paragraph at lines 84--92
\OT1/cmr/m/n/10 cryp-
 []


Overfull \hbox (17.22226pt too wide) in paragraph at lines 84--92
\OT1/cmr/m/n/10 tog-
 []


Overfull \hbox (12.25002pt too wide) in paragraph at lines 84--92
\OT1/cmr/m/n/10 ra-
 []


Overfull \hbox (16.11116pt too wide) in paragraph at lines 84--92
\OT1/cmr/m/n/10 phy
 []


Overfull \hbox (15.00005pt too wide) in paragraph at lines 84--92
\OT1/cmr/m/n/10 but
 []


Overfull \hbox (11.97226pt too wide) in paragraph at lines 84--92
\OT1/cmr/m/n/10 for
 []


Overfull \hbox (11.72221pt too wide) in paragraph at lines 84--92
\OT1/cmr/m/n/10 se-
 []


Overfull \hbox (13.33334pt too wide) in paragraph at lines 84--92
\OT1/cmr/m/n/10 cu-
 []


Overfull \hbox (15.58337pt too wide) in paragraph at lines 84--92
\OT1/cmr/m/n/10 rity
 []


Overfull \hbox (11.97226pt too wide) in paragraph at lines 84--92
\OT1/cmr/m/n/10 for
 []


Overfull \hbox (13.88892pt too wide) in paragraph at lines 84--92
\OT1/cmr/m/n/10 the
 []


Overfull \hbox (13.33334pt too wide) in paragraph at lines 84--92
\OT1/cmr/m/n/10 en-
 []


Overfull \hbox (15.0278pt too wide) in paragraph at lines 84--92
\OT1/cmr/m/n/10 tire
 []


Overfull \hbox (16.50002pt too wide) in paragraph at lines 84--92
\OT1/cmr/m/n/10 sys-
 []


Overfull \hbox (19.44449pt too wide) in paragraph at lines 84--92
\OT1/cmr/m/n/10 tem,
 []


Overfull \hbox (15.00003pt too wide) in paragraph at lines 84--92
\OT1/cmr/m/n/10 like
 []


Overfull \hbox (17.80559pt too wide) in paragraph at lines 84--92
\OT1/cmr/m/n/10 pro-
 []


Overfull \hbox (12.22224pt too wide) in paragraph at lines 84--92
\OT1/cmr/m/n/10 to-
 []


Overfull \hbox (15.00003pt too wide) in paragraph at lines 84--92
\OT1/cmr/m/n/10 col,
 []


Overfull \hbox (13.88892pt too wide) in paragraph at lines 84--92
\OT1/cmr/m/n/10 au-
 []


Overfull \hbox (22.77782pt too wide) in paragraph at lines 84--92
\OT1/cmr/m/n/10 then-
 []


Overfull \hbox (10.00002pt too wide) in paragraph at lines 84--92
\OT1/cmr/m/n/10 ti-
 []


Overfull \hbox (12.77779pt too wide) in paragraph at lines 84--92
\OT1/cmr/m/n/10 ca-
 []


Overfull \hbox (17.22227pt too wide) in paragraph at lines 84--92
\OT1/cmr/m/n/10 tion
 []


Overfull \hbox (16.11116pt too wide) in paragraph at lines 84--92
\OT1/cmr/m/n/10 and
 []


Overfull \hbox (12.77779pt too wide) in paragraph at lines 84--92
\OT1/cmr/m/n/10 ac-
 []


Overfull \hbox (16.77777pt too wide) in paragraph at lines 84--92
\OT1/cmr/m/n/10 cess
 []


Overfull \hbox (18.33336pt too wide) in paragraph at lines 84--92
\OT1/cmr/m/n/10 con-
 []


Overfull \hbox (18.36116pt too wide) in paragraph at lines 84--92
\OT1/cmr/m/n/10 trol,
 []


Overfull \hbox (13.88892pt too wide) in paragraph at lines 84--92
\OT1/cmr/m/n/10 au-
 []


Overfull \hbox (17.77782pt too wide) in paragraph at lines 84--92
\OT1/cmr/m/n/10 tho-
 []


Overfull \hbox (19.47224pt too wide) in paragraph at lines 84--92
\OT1/cmr/m/n/10 riza-
 []


Overfull \hbox (20.00006pt too wide) in paragraph at lines 84--92
\OT1/cmr/m/n/10 tion,
 []


Overfull \hbox (17.22224pt too wide) in paragraph at lines 84--92
\OT1/cmr/m/n/10 net-
 []


Overfull \hbox (21.13893pt too wide) in paragraph at lines 84--92
\OT1/cmr/m/n/10 work
 []


Overfull \hbox (11.72221pt too wide) in paragraph at lines 84--92
\OT1/cmr/m/n/10 se-
 []


Overfull \hbox (13.33334pt too wide) in paragraph at lines 84--92
\OT1/cmr/m/n/10 cu-
 []


Overfull \hbox (17.52782pt too wide) in paragraph at lines 84--92
\OT1/cmr/m/n/10 rity,
 []


Overfull \hbox (14.44447pt too wide) in paragraph at lines 84--92
\OT1/cmr/m/n/10 im-
 []


Overfull \hbox (16.11113pt too wide) in paragraph at lines 84--92
\OT1/cmr/m/n/10 ple-
 []


Overfull \hbox (21.6667pt too wide) in paragraph at lines 84--92
\OT1/cmr/m/n/10 men-
 []


Overfull \hbox (12.22224pt too wide) in paragraph at lines 84--92
\OT1/cmr/m/n/10 ta-
 []


Overfull \hbox (17.22227pt too wide) in paragraph at lines 84--92
\OT1/cmr/m/n/10 tion
 []


Overfull \hbox (16.11116pt too wide) in paragraph at lines 84--92
\OT1/cmr/m/n/10 and
 []


Overfull \hbox (16.13889pt too wide) in paragraph at lines 84--92
\OT1/cmr/m/n/10 cer-
 []


Overfull \hbox (10.00002pt too wide) in paragraph at lines 84--92
\OT1/cmr/m/n/10 ti-
 []


Overfull \hbox (8.8889pt too wide) in paragraph at lines 84--92
\OT1/cmr/m/n/10 fi-
 []


Overfull \hbox (12.77779pt too wide) in paragraph at lines 84--92
\OT1/cmr/m/n/10 ca-
 []


Overfull \hbox (20.00006pt too wide) in paragraph at lines 84--92
\OT1/cmr/m/n/10 tion,
 []


Overfull \hbox (14.72226pt too wide) in paragraph at lines 84--92
\OT1/cmr/m/n/10 key
 []


Overfull \hbox (22.22227pt too wide) in paragraph at lines 84--92
\OT1/cmr/m/n/10 man-
 []


Overfull \hbox (17.7778pt too wide) in paragraph at lines 84--92
\OT1/cmr/m/n/10 age-
 []


Overfull \hbox (24.72227pt too wide) in paragraph at lines 84--92
\OT1/cmr/m/n/10 ment,
 []


Overfull \hbox (16.11116pt too wide) in paragraph at lines 84--92
\OT1/cmr/m/n/10 and
 []


Overfull \hbox (13.88892pt too wide) in paragraph at lines 84--92
\OT1/cmr/m/n/10 op-
 []


Overfull \hbox (11.69444pt too wide) in paragraph at lines 84--92
\OT1/cmr/m/n/10 er-
 []


Overfull \hbox (8.33334pt too wide) in paragraph at lines 84--92
\OT1/cmr/m/n/10 a-
 []


Overfull \hbox (20.00006pt too wide) in paragraph at lines 84--92
\OT1/cmr/m/n/10 tion.
 []


Overfull \hbox (22.7778pt too wide) in paragraph at lines 84--92
\OT1/cmr/m/n/10 How-
 []


Overfull \hbox (20.58336pt too wide) in paragraph at lines 84--92
\OT1/cmr/m/n/10 ever,
 []


Overfull \hbox (19.22224pt too wide) in paragraph at lines 84--92
\OT1/cmr/m/n/10 such
 []


Overfull \hbox (33.16672pt too wide) in paragraph at lines 84--92
\OT1/cmr/m/n/10 system-
 []


Overfull \hbox (19.44447pt too wide) in paragraph at lines 84--92
\OT1/cmr/m/n/10 level
 []


Overfull \hbox (11.72221pt too wide) in paragraph at lines 84--92
\OT1/cmr/m/n/10 se-
 []


Overfull \hbox (13.33334pt too wide) in paragraph at lines 84--92
\OT1/cmr/m/n/10 cu-
 []


Overfull \hbox (15.58337pt too wide) in paragraph at lines 84--92
\OT1/cmr/m/n/10 rity
 []


Overfull \hbox (18.33336pt too wide) in paragraph at lines 84--92
\OT1/cmr/m/n/10 con-
 []


Overfull \hbox (15.61113pt too wide) in paragraph at lines 84--92
\OT1/cmr/m/n/10 sid-
 []


Overfull \hbox (11.69444pt too wide) in paragraph at lines 84--92
\OT1/cmr/m/n/10 er-
 []


Overfull \hbox (8.33334pt too wide) in paragraph at lines 84--92
\OT1/cmr/m/n/10 a-
 []


Overfull \hbox (17.22227pt too wide) in paragraph at lines 84--92
\OT1/cmr/m/n/10 tion
 []


Overfull \hbox (15.8889pt too wide) in paragraph at lines 84--92
\OT1/cmr/m/n/10 was
 []


Overfull \hbox (23.33339pt too wide) in paragraph at lines 84--92
\OT1/cmr/m/n/10 omit-
 []


Overfull \hbox (16.6667pt too wide) in paragraph at lines 84--92
\OT1/cmr/m/n/10 ted.
 []


Overfull \hbox (14.61115pt too wide) in paragraph at lines 84--92
\OT1/cmr/m/n/10 For
 []


Overfull \hbox (13.05557pt too wide) in paragraph at lines 84--92
\OT1/cmr/m/n/10 ex-
 []


Overfull \hbox (16.6667pt too wide) in paragraph at lines 84--92
\OT1/cmr/m/n/10 am-
 []


Overfull \hbox (15.55559pt too wide) in paragraph at lines 84--92
\OT1/cmr/m/n/10 ple,
 []


Overfull \hbox (13.88892pt too wide) in paragraph at lines 84--92
\OT1/cmr/m/n/10 the
 []


Overfull \hbox (21.41672pt too wide) in paragraph at lines 84--92
\OT1/cmr/m/n/10 early
 []


Overfull \hbox (22.27782pt too wide) in paragraph at lines 84--92
\OT1/cmr/m/n/10 stage
 []


Overfull \hbox (15.61113pt too wide) in paragraph at lines 84--92
\OT1/cmr/m/n/10 dis-
 []


Overfull \hbox (17.27779pt too wide) in paragraph at lines 84--92
\OT1/cmr/m/n/10 cus-
 []


Overfull \hbox (17.27782pt too wide) in paragraph at lines 84--92
\OT1/cmr/m/n/10 sion
 []


Overfull \hbox (20.86116pt too wide) in paragraph at lines 84--92
\OT1/cmr/m/n/10 right
 []


Overfull \hbox (11.38892pt too wide) in paragraph at lines 84--92
\OT1/cmr/m/n/10 af-
 []


Overfull \hbox (12.25002pt too wide) in paragraph at lines 84--92
\OT1/cmr/m/n/10 ter
 []


Overfull \hbox (13.88892pt too wide) in paragraph at lines 84--92
\OT1/cmr/m/n/10 the
 []


Overfull \hbox (15.55557pt too wide) in paragraph at lines 84--92
\OT1/cmr/m/n/10 Co-
 []


Overfull \hbox (35.00006pt too wide) in paragraph at lines 84--92
\OT1/cmr/m/n/10 inCheck
 []


Overfull \hbox (11.66669pt too wide) in paragraph at lines 84--92
\OT1/cmr/m/n/10 in-
 []


Overfull \hbox (10.55556pt too wide) in paragraph at lines 84--92
\OT1/cmr/m/n/10 ci-
 []


Overfull \hbox (19.1667pt too wide) in paragraph at lines 84--92
\OT1/cmr/m/n/10 dent
 []


Overfull \hbox (15.8889pt too wide) in paragraph at lines 84--92
\OT1/cmr/m/n/10 was
 []


Overfull \hbox (5.00002pt too wide) in paragraph at lines 84--92
\OT1/cmr/m/n/10 a
 []


Overfull \hbox (24.47226pt too wide) in paragraph at lines 84--92
\OT1/cmr/m/n/10 treat-
 []


Overfull \hbox (21.94449pt too wide) in paragraph at lines 84--92
\OT1/cmr/m/n/10 ment
 []


Overfull \hbox (8.05559pt too wide) in paragraph at lines 84--92
\OT1/cmr/m/n/10 of
 []


Overfull \hbox (17.77782pt too wide) in paragraph at lines 84--92
\OT1/cmr/m/n/10 cold
 []


Overfull \hbox (18.05557pt too wide) in paragraph at lines 84--92
\OT1/cmr/m/n/10 wal-
 []


Overfull \hbox (13.88892pt too wide) in paragraph at lines 84--92
\OT1/cmr/m/n/10 let,
 []


Overfull \hbox (25.27782pt too wide) in paragraph at lines 84--92
\OT1/cmr/m/n/10 which
 []


Overfull \hbox (6.72223pt too wide) in paragraph at lines 84--92
\OT1/cmr/m/n/10 is
 []


Overfull \hbox (18.61118pt too wide) in paragraph at lines 84--92
\OT1/cmr/m/n/10 only
 []


Overfull \hbox (5.00002pt too wide) in paragraph at lines 84--92
\OT1/cmr/m/n/10 a
 []


Overfull \hbox (18.36116pt too wide) in paragraph at lines 84--92
\OT1/cmr/m/n/10 part
 []


Overfull \hbox (8.05559pt too wide) in paragraph at lines 84--92
\OT1/cmr/m/n/10 of
 []


Overfull \hbox (11.72221pt too wide) in paragraph at lines 84--92
\OT1/cmr/m/n/10 se-
 []


Overfull \hbox (13.33334pt too wide) in paragraph at lines 84--92
\OT1/cmr/m/n/10 cu-
 []


Overfull \hbox (15.58337pt too wide) in paragraph at lines 84--92
\OT1/cmr/m/n/10 rity
 []


Overfull \hbox (22.22227pt too wide) in paragraph at lines 84--92
\OT1/cmr/m/n/10 man-
 []


Overfull \hbox (17.7778pt too wide) in paragraph at lines 84--92
\OT1/cmr/m/n/10 age-
 []


Overfull \hbox (24.72227pt too wide) in paragraph at lines 84--92
\OT1/cmr/m/n/10 ment. 
 []

./sec3.tex:118: Undefined control sequence.
l.118 \subsection
                 {Discussion on key management}
The control sequence at the end of the top line
of your error message was never \def'ed. If you have
misspelled it (e.g., `\hobx'), type `I' and the correct
spelling (e.g., `I\hbox'). Otherwise just continue,
and I'll forget about whatever was undefined.


./sec3.tex:118: LaTeX Error: Missing \begin{document}.

See the LaTeX manual or LaTeX Companion for explanation.
Type  H <return>  for immediate help.
 ...                                              
                                                  
l.118 \subsection{D
                   iscussion on key management}
You're in trouble here.  Try typing  <return>  to proceed.
If that doesn't work, type  X <return>  to quit.


Overfull \hbox (65.5834pt too wide) in paragraph at lines 118--119
[]\OT1/cmr/m/n/10 Discussion
 []


Overfull \hbox (10.55559pt too wide) in paragraph at lines 118--119
\OT1/cmr/m/n/10 on
 []


Overfull \hbox (14.72226pt too wide) in paragraph at lines 118--119
\OT1/cmr/m/n/10 key
 []


Overfull \hbox (22.22227pt too wide) in paragraph at lines 118--119
\OT1/cmr/m/n/10 man-
 []


Overfull \hbox (17.7778pt too wide) in paragraph at lines 118--119
\OT1/cmr/m/n/10 age-
 []


Overfull \hbox (21.94449pt too wide) in paragraph at lines 118--119
\OT1/cmr/m/n/10 ment 
 []


./sec3.tex:123: LaTeX Error: Missing \begin{document}.

See the LaTeX manual or LaTeX Companion for explanation.
Type  H <return>  for immediate help.
 ...                                              
                                                  
l.123 I
       n the CoinCheck incident, the stolen cryptocurrency was NEM, of which...
You're in trouble here.  Try typing  <return>  to proceed.
If that doesn't work, type  X <return>  to quit.

)
! Emergency stop.
<*> sec3.tex
            
*** (job aborted, no legal \end found)

 
Here is how much of TeX's memory you used:
 5 strings out of 493237
 38 string characters out of 6144379
 82698 words of memory out of 5000000
 4074 multiletter control sequences out of 15000+600000
 6281 words of font info for 32 fonts, out of 8000000 for 9000
 929 hyphenation exceptions out of 8191
 18i,4n,8p,436b,118s stack positions out of 5000i,500n,10000p,200000b,80000s
Output written on sec3.dvi (1 page, 948 bytes).
